{"/home/travis/build/npmtest/node-npmtest-css-mqpacker/test.js":{"path":"/home/travis/build/npmtest/node-npmtest-css-mqpacker/test.js","s":{"1":2,"2":2,"3":2,"4":2,"5":2,"6":2,"7":2,"8":1,"9":2,"10":2,"11":1,"12":1,"13":1,"14":1,"15":2,"16":2,"17":2,"18":2,"19":1,"20":1,"21":2,"22":2,"23":2,"24":1,"25":1,"26":1,"27":1,"28":1,"29":1,"30":1,"31":1,"32":1,"33":1,"34":1,"35":1,"36":1,"37":1,"38":1,"39":2,"40":2,"41":1,"42":2,"43":2,"44":1,"45":2,"46":2,"47":1,"48":2,"49":2,"50":1,"51":1,"52":1,"53":1,"54":1},"b":{"1":[2,1,1,1],"2":[1,1,1,1],"3":[1,1],"4":[1,1],"5":[1,1],"6":[1,1],"7":[1,1],"8":[1,1],"9":[1,1],"10":[1,1,1],"11":[1,1],"12":[1,1],"13":[1,1],"14":[1,1],"15":[1,1],"16":[1,1],"17":[1,1]},"f":{"1":2,"2":2,"3":2,"4":2,"5":2,"6":1,"7":1,"8":1,"9":2,"10":2,"11":2,"12":2,"13":1},"fnMap":{"1":{"name":"(anonymous_1)","line":12,"loc":{"start":{"line":12,"column":1},"end":{"line":12,"column":13}}},"2":{"name":"(anonymous_2)","line":19,"loc":{"start":{"line":19,"column":5},"end":{"line":19,"column":17}}},"3":{"name":"(anonymous_3)","line":23,"loc":{"start":{"line":23,"column":24},"end":{"line":23,"column":36}}},"4":{"name":"(anonymous_4)","line":61,"loc":{"start":{"line":61,"column":5},"end":{"line":61,"column":17}}},"5":{"name":"(anonymous_5)","line":82,"loc":{"start":{"line":82,"column":5},"end":{"line":82,"column":17}}},"6":{"name":"(anonymous_6)","line":91,"loc":{"start":{"line":91,"column":77},"end":{"line":94,"column":10}}},"7":{"name":"(anonymous_7)","line":112,"loc":{"start":{"line":112,"column":83},"end":{"line":115,"column":10}},"skip":true},"8":{"name":"(anonymous_8)","line":123,"loc":{"start":{"line":123,"column":77},"end":{"line":126,"column":10}},"skip":true},"9":{"name":"(anonymous_9)","line":139,"loc":{"start":{"line":139,"column":12},"end":{"line":139,"column":40}},"skip":true},"10":{"name":"(anonymous_10)","line":147,"loc":{"start":{"line":147,"column":77},"end":{"line":150,"column":10}},"skip":true},"11":{"name":"(anonymous_11)","line":158,"loc":{"start":{"line":158,"column":83},"end":{"line":161,"column":10}},"skip":true},"12":{"name":"(anonymous_12)","line":169,"loc":{"start":{"line":169,"column":79},"end":{"line":172,"column":10}},"skip":true},"13":{"name":"(anonymous_13)","line":180,"loc":{"start":{"line":180,"column":75},"end":{"line":183,"column":10}},"skip":true}},"statementMap":{"1":{"start":{"line":12,"column":0},"end":{"line":195,"column":5}},"2":{"start":{"line":14,"column":4},"end":{"line":14,"column":14}},"3":{"start":{"line":19,"column":4},"end":{"line":56,"column":9}},"4":{"start":{"line":21,"column":8},"end":{"line":21,"column":19}},"5":{"start":{"line":23,"column":8},"end":{"line":35,"column":13}},"6":{"start":{"line":24,"column":12},"end":{"line":34,"column":13}},"7":{"start":{"line":25,"column":16},"end":{"line":28,"column":30}},"8":{"start":{"line":30,"column":16},"end":{"line":33,"column":27}},"9":{"start":{"line":37,"column":8},"end":{"line":39,"column":21}},"10":{"start":{"line":40,"column":8},"end":{"line":53,"column":9}},"11":{"start":{"line":43,"column":12},"end":{"line":46,"column":14}},"12":{"start":{"line":47,"column":12},"end":{"line":47,"column":18}},"13":{"start":{"line":50,"column":12},"end":{"line":51,"column":33}},"14":{"start":{"line":52,"column":12},"end":{"line":52,"column":18}},"15":{"start":{"line":55,"column":8},"end":{"line":55,"column":35}},"16":{"start":{"line":61,"column":4},"end":{"line":63,"column":9}},"17":{"start":{"line":62,"column":8},"end":{"line":62,"column":15}},"18":{"start":{"line":64,"column":4},"end":{"line":77,"column":5}},"19":{"start":{"line":70,"column":8},"end":{"line":70,"column":14}},"20":{"start":{"line":76,"column":8},"end":{"line":76,"column":14}},"21":{"start":{"line":82,"column":4},"end":{"line":84,"column":9}},"22":{"start":{"line":83,"column":8},"end":{"line":83,"column":15}},"23":{"start":{"line":85,"column":4},"end":{"line":194,"column":5}},"24":{"start":{"line":91,"column":8},"end":{"line":99,"column":10}},"25":{"start":{"line":98,"column":12},"end":{"line":98,"column":35}},"26":{"start":{"line":102,"column":8},"end":{"line":104,"column":63}},"27":{"start":{"line":105,"column":8},"end":{"line":105,"column":14}},"28":{"start":{"line":112,"column":8},"end":{"line":121,"column":10},"skip":true},"29":{"start":{"line":119,"column":12},"end":{"line":119,"column":55},"skip":true},"30":{"start":{"line":120,"column":12},"end":{"line":120,"column":48},"skip":true},"31":{"start":{"line":123,"column":8},"end":{"line":136,"column":10},"skip":true},"32":{"start":{"line":130,"column":12},"end":{"line":130,"column":76},"skip":true},"33":{"start":{"line":131,"column":12},"end":{"line":131,"column":73},"skip":true},"34":{"start":{"line":132,"column":12},"end":{"line":132,"column":74},"skip":true},"35":{"start":{"line":133,"column":12},"end":{"line":133,"column":79},"skip":true},"36":{"start":{"line":134,"column":12},"end":{"line":134,"column":25},"skip":true},"37":{"start":{"line":135,"column":12},"end":{"line":135,"column":45},"skip":true},"38":{"start":{"line":138,"column":8},"end":{"line":145,"column":14},"skip":true},"39":{"start":{"line":143,"column":16},"end":{"line":143,"column":29},"skip":true},"40":{"start":{"line":144,"column":16},"end":{"line":144,"column":55},"skip":true},"41":{"start":{"line":147,"column":8},"end":{"line":156,"column":10},"skip":true},"42":{"start":{"line":154,"column":12},"end":{"line":154,"column":25},"skip":true},"43":{"start":{"line":155,"column":12},"end":{"line":155,"column":45},"skip":true},"44":{"start":{"line":158,"column":8},"end":{"line":167,"column":10},"skip":true},"45":{"start":{"line":165,"column":12},"end":{"line":165,"column":25},"skip":true},"46":{"start":{"line":166,"column":12},"end":{"line":166,"column":48},"skip":true},"47":{"start":{"line":169,"column":8},"end":{"line":178,"column":10},"skip":true},"48":{"start":{"line":176,"column":12},"end":{"line":176,"column":25},"skip":true},"49":{"start":{"line":177,"column":12},"end":{"line":177,"column":46},"skip":true},"50":{"start":{"line":180,"column":8},"end":{"line":189,"column":10},"skip":true},"51":{"start":{"line":187,"column":12},"end":{"line":187,"column":94},"skip":true},"52":{"start":{"line":188,"column":12},"end":{"line":188,"column":48},"skip":true},"53":{"start":{"line":192,"column":8},"end":{"line":192,"column":35},"skip":true},"54":{"start":{"line":193,"column":8},"end":{"line":193,"column":14},"skip":true}},"branchMap":{"1":{"line":25,"type":"binary-expr","locations":[{"start":{"line":25,"column":23},"end":{"line":25,"column":62}},{"start":{"line":26,"column":20},"end":{"line":26,"column":70}},{"start":{"line":27,"column":20},"end":{"line":27,"column":71}},{"start":{"line":28,"column":20},"end":{"line":28,"column":29}}]},"2":{"line":30,"type":"binary-expr","locations":[{"start":{"line":30,"column":23},"end":{"line":30,"column":37}},{"start":{"line":31,"column":20},"end":{"line":31,"column":61}},{"start":{"line":32,"column":20},"end":{"line":32,"column":70}},{"start":{"line":33,"column":20},"end":{"line":33,"column":26}}]},"3":{"line":37,"type":"cond-expr","locations":[{"start":{"line":38,"column":14},"end":{"line":38,"column":20}},{"start":{"line":39,"column":14},"end":{"line":39,"column":20}}]},"4":{"line":40,"type":"switch","locations":[{"start":{"line":42,"column":8},"end":{"line":47,"column":18}},{"start":{"line":49,"column":8},"end":{"line":52,"column":18}}]},"5":{"line":44,"type":"binary-expr","locations":[{"start":{"line":44,"column":16},"end":{"line":44,"column":44}},{"start":{"line":44,"column":48},"end":{"line":44,"column":66}}]},"6":{"line":50,"type":"binary-expr","locations":[{"start":{"line":50,"column":21},"end":{"line":50,"column":49}},{"start":{"line":50,"column":53},"end":{"line":50,"column":72}}]},"7":{"line":64,"type":"switch","locations":[{"start":{"line":69,"column":4},"end":{"line":70,"column":14}},{"start":{"line":75,"column":4},"end":{"line":76,"column":14}}]},"8":{"line":85,"type":"switch","locations":[{"start":{"line":90,"column":4},"end":{"line":105,"column":14}},{"start":{"line":111,"column":4},"end":{"line":193,"column":14},"skip":true}]},"9":{"line":91,"type":"binary-expr","locations":[{"start":{"line":91,"column":42},"end":{"line":91,"column":73}},{"start":{"line":91,"column":77},"end":{"line":99,"column":9}}]},"10":{"line":102,"type":"binary-expr","locations":[{"start":{"line":102,"column":18},"end":{"line":102,"column":32}},{"start":{"line":103,"column":12},"end":{"line":103,"column":53}},{"start":{"line":104,"column":12},"end":{"line":104,"column":61}}]},"11":{"line":112,"type":"binary-expr","locations":[{"start":{"line":112,"column":45},"end":{"line":112,"column":79},"skip":true},{"start":{"line":112,"column":83},"end":{"line":121,"column":9},"skip":true}]},"12":{"line":123,"type":"binary-expr","locations":[{"start":{"line":123,"column":42},"end":{"line":123,"column":73},"skip":true},{"start":{"line":123,"column":77},"end":{"line":136,"column":9},"skip":true}]},"13":{"line":138,"type":"binary-expr","locations":[{"start":{"line":138,"column":48},"end":{"line":138,"column":85},"skip":true},{"start":{"line":139,"column":12},"end":{"line":145,"column":13},"skip":true}]},"14":{"line":147,"type":"binary-expr","locations":[{"start":{"line":147,"column":42},"end":{"line":147,"column":73},"skip":true},{"start":{"line":147,"column":77},"end":{"line":156,"column":9},"skip":true}]},"15":{"line":158,"type":"binary-expr","locations":[{"start":{"line":158,"column":45},"end":{"line":158,"column":79},"skip":true},{"start":{"line":158,"column":83},"end":{"line":167,"column":9},"skip":true}]},"16":{"line":169,"type":"binary-expr","locations":[{"start":{"line":169,"column":43},"end":{"line":169,"column":75},"skip":true},{"start":{"line":169,"column":79},"end":{"line":178,"column":9},"skip":true}]},"17":{"line":180,"type":"binary-expr","locations":[{"start":{"line":180,"column":41},"end":{"line":180,"column":71},"skip":true},{"start":{"line":180,"column":75},"end":{"line":189,"column":9},"skip":true}]}},"code":["/* istanbul instrument in package npmtest_css_mqpacker */","/*jslint","    bitwise: true,","    browser: true,","    maxerr: 8,","    maxlen: 96,","    node: true,","    nomen: true,","    regexp: true,","    stupid: true","*/","(function () {","    'use strict';","    var local;","","","","    // run shared js-env code - init-before","    (function () {","        // init local","        local = {};","        // init modeJs","        local.modeJs = (function () {","            try {","                return typeof navigator.userAgent === 'string' &&","                    typeof document.querySelector('body') === 'object' &&","                    typeof XMLHttpRequest.prototype.open === 'function' &&","                    'browser';","            } catch (errorCaughtBrowser) {","                return module.exports &&","                    typeof process.versions.node === 'string' &&","                    typeof require('http').createServer === 'function' &&","                    'node';","            }","        }());","        // init global","        local.global = local.modeJs === 'browser'","            ? window","            : global;","        switch (local.modeJs) {","        // re-init local from window.local","        case 'browser':","            local = local.global.utility2.objectSetDefault(","                local.global.utility2_rollup || local.global.local,","                local.global.utility2","            );","            break;","        // re-init local from example.js","        case 'node':","            local = (local.global.utility2_rollup || require('utility2'))","                .requireReadme();","            break;","        }","        // export local","        local.global.local = local;","    }());","","","","    // run shared js-env code - function","    (function () {","        return;","    }());","    switch (local.modeJs) {","","","","    // run browser js-env code - function","    case 'browser':","        break;","","","","    // run node js-env code - function","    case 'node':","        break;","    }","","","","    // run shared js-env code - init-after","    (function () {","        return;","    }());","    switch (local.modeJs) {","","","","    // run browser js-env code - init-after","    case 'browser':","        local.testCase_browser_nullCase = local.testCase_browser_nullCase || function (","            options,","            onError","        ) {","        /*","         * this function will test browsers's null-case handling-behavior-behavior","         */","            onError(null, options);","        };","","        // run tests","        local.nop(local.modeTest &&","            document.querySelector('#testRunButton1') &&","            document.querySelector('#testRunButton1').click());","        break;","","","","    // run node js-env code - init-after","    /* istanbul ignore next */","    case 'node':","        local.testCase_buildApidoc_default = local.testCase_buildApidoc_default || function (","            options,","            onError","        ) {","        /*","         * this function will test buildApidoc's default handling-behavior-behavior","         */","            options = { modulePathList: module.paths };","            local.buildApidoc(options, onError);","        };","","        local.testCase_buildApp_default = local.testCase_buildApp_default || function (","            options,","            onError","        ) {","        /*","         * this function will test buildApp's default handling-behavior-behavior","         */","            local.testCase_buildReadme_default(options, local.onErrorThrow);","            local.testCase_buildLib_default(options, local.onErrorThrow);","            local.testCase_buildTest_default(options, local.onErrorThrow);","            local.testCase_buildCustomOrg_default(options, local.onErrorThrow);","            options = [];","            local.buildApp(options, onError);","        };","","        local.testCase_buildCustomOrg_default = local.testCase_buildCustomOrg_default ||","            function (options, onError) {","            /*","             * this function will test buildCustomOrg's default handling-behavior","             */","                options = {};","                local.buildCustomOrg(options, onError);","            };","","        local.testCase_buildLib_default = local.testCase_buildLib_default || function (","            options,","            onError","        ) {","        /*","         * this function will test buildLib's default handling-behavior","         */","            options = {};","            local.buildLib(options, onError);","        };","","        local.testCase_buildReadme_default = local.testCase_buildReadme_default || function (","            options,","            onError","        ) {","        /*","         * this function will test buildReadme's default handling-behavior-behavior","         */","            options = {};","            local.buildReadme(options, onError);","        };","","        local.testCase_buildTest_default = local.testCase_buildTest_default || function (","            options,","            onError","        ) {","        /*","         * this function will test buildTest's default handling-behavior","         */","            options = {};","            local.buildTest(options, onError);","        };","","        local.testCase_webpage_default = local.testCase_webpage_default || function (","            options,","            onError","        ) {","        /*","         * this function will test webpage's default handling-behavior","         */","            options = { modeCoverageMerge: true, url: local.serverLocalHost + '?modeTest=1' };","            local.browserTest(options, onError);","        };","","        // run test-server","        local.testRunServer(local);","        break;","    }","}());",""],"l":{"12":2,"14":2,"19":2,"21":2,"23":2,"24":2,"25":2,"30":1,"37":2,"40":2,"43":1,"47":1,"50":1,"52":1,"55":2,"61":2,"62":2,"64":2,"70":1,"76":1,"82":2,"83":2,"85":2,"91":1,"98":1,"102":1,"105":1,"112":1,"119":1,"120":1,"123":1,"130":1,"131":1,"132":1,"133":1,"134":1,"135":1,"138":1,"143":2,"144":2,"147":1,"154":2,"155":2,"158":1,"165":2,"166":2,"169":1,"176":2,"177":2,"180":1,"187":1,"188":1,"192":1,"193":1}},"/home/travis/build/npmtest/node-npmtest-css-mqpacker/lib.npmtest_css_mqpacker.js":{"path":"/home/travis/build/npmtest/node-npmtest-css-mqpacker/lib.npmtest_css_mqpacker.js","s":{"1":2,"2":2,"3":2,"4":2,"5":2,"6":2,"7":2,"8":1,"9":2,"10":2,"11":2,"12":2,"13":1,"14":1,"15":1,"16":1},"b":{"1":[2,1,1,1],"2":[1,1,1,1],"3":[1,1],"4":[2,2],"5":[1,1]},"f":{"1":2,"2":2,"3":2},"fnMap":{"1":{"name":"(anonymous_1)","line":12,"loc":{"start":{"line":12,"column":1},"end":{"line":12,"column":13}}},"2":{"name":"(anonymous_2)","line":19,"loc":{"start":{"line":19,"column":5},"end":{"line":19,"column":17}}},"3":{"name":"(anonymous_3)","line":23,"loc":{"start":{"line":23,"column":24},"end":{"line":23,"column":36}}}},"statementMap":{"1":{"start":{"line":12,"column":0},"end":{"line":53,"column":5}},"2":{"start":{"line":14,"column":4},"end":{"line":14,"column":14}},"3":{"start":{"line":19,"column":4},"end":{"line":52,"column":9}},"4":{"start":{"line":21,"column":8},"end":{"line":21,"column":19}},"5":{"start":{"line":23,"column":8},"end":{"line":35,"column":13}},"6":{"start":{"line":24,"column":12},"end":{"line":34,"column":13}},"7":{"start":{"line":25,"column":16},"end":{"line":28,"column":30}},"8":{"start":{"line":30,"column":16},"end":{"line":33,"column":27}},"9":{"start":{"line":37,"column":8},"end":{"line":39,"column":21}},"10":{"start":{"line":41,"column":8},"end":{"line":41,"column":54}},"11":{"start":{"line":43,"column":8},"end":{"line":43,"column":57}},"12":{"start":{"line":45,"column":8},"end":{"line":51,"column":9}},"13":{"start":{"line":46,"column":12},"end":{"line":46,"column":63}},"14":{"start":{"line":48,"column":12},"end":{"line":48,"column":35}},"15":{"start":{"line":49,"column":12},"end":{"line":49,"column":49}},"16":{"start":{"line":50,"column":12},"end":{"line":50,"column":43}}},"branchMap":{"1":{"line":25,"type":"binary-expr","locations":[{"start":{"line":25,"column":23},"end":{"line":25,"column":62}},{"start":{"line":26,"column":20},"end":{"line":26,"column":70}},{"start":{"line":27,"column":20},"end":{"line":27,"column":71}},{"start":{"line":28,"column":20},"end":{"line":28,"column":29}}]},"2":{"line":30,"type":"binary-expr","locations":[{"start":{"line":30,"column":23},"end":{"line":30,"column":37}},{"start":{"line":31,"column":20},"end":{"line":31,"column":61}},{"start":{"line":32,"column":20},"end":{"line":32,"column":70}},{"start":{"line":33,"column":20},"end":{"line":33,"column":26}}]},"3":{"line":37,"type":"cond-expr","locations":[{"start":{"line":38,"column":14},"end":{"line":38,"column":20}},{"start":{"line":39,"column":14},"end":{"line":39,"column":20}}]},"4":{"line":41,"type":"binary-expr","locations":[{"start":{"line":41,"column":16},"end":{"line":41,"column":44}},{"start":{"line":41,"column":48},"end":{"line":41,"column":53}}]},"5":{"line":45,"type":"if","locations":[{"start":{"line":45,"column":8},"end":{"line":45,"column":8}},{"start":{"line":45,"column":8},"end":{"line":45,"column":8}}]}},"code":["/* istanbul instrument in package npmtest_css_mqpacker */","/*jslint","    bitwise: true,","    browser: true,","    maxerr: 8,","    maxlen: 96,","    node: true,","    nomen: true,","    regexp: true,","    stupid: true","*/","(function () {","    'use strict';","    var local;","","","","    // run shared js-env code - init-before","    (function () {","        // init local","        local = {};","        // init modeJs","        local.modeJs = (function () {","            try {","                return typeof navigator.userAgent === 'string' &&","                    typeof document.querySelector('body') === 'object' &&","                    typeof XMLHttpRequest.prototype.open === 'function' &&","                    'browser';","            } catch (errorCaughtBrowser) {","                return module.exports &&","                    typeof process.versions.node === 'string' &&","                    typeof require('http').createServer === 'function' &&","                    'node';","            }","        }());","        // init global","        local.global = local.modeJs === 'browser'","            ? window","            : global;","        // init utility2_rollup","        local = local.global.utility2_rollup || local;","        // init lib","        local.local = local.npmtest_css_mqpacker = local;","        // init exports","        if (local.modeJs === 'browser') {","            local.global.utility2_npmtest_css_mqpacker = local;","        } else {","            module.exports = local;","            module.exports.__dirname = __dirname;","            module.exports.module = module;","        }","    }());","}());",""],"l":{"12":2,"14":2,"19":2,"21":2,"23":2,"24":2,"25":2,"30":1,"37":2,"41":2,"43":2,"45":2,"46":1,"48":1,"49":1,"50":1}},"/home/travis/build/npmtest/node-npmtest-css-mqpacker/example.js":{"path":"/home/travis/build/npmtest/node-npmtest-css-mqpacker/example.js","s":{"1":2,"2":2,"3":2,"4":2,"5":2,"6":2,"7":2,"8":1,"9":2,"10":2,"11":2,"12":2,"13":1,"14":2,"15":2,"16":2,"17":2,"18":2,"19":0,"20":2,"21":1,"22":1,"23":1,"24":1,"25":1,"26":0,"27":0,"28":1,"29":1,"30":2,"31":0,"32":0,"33":0,"34":1,"35":2,"36":2,"37":3,"38":3,"39":3,"40":3,"41":0,"42":3,"43":3,"44":3,"45":1,"46":3,"47":1,"48":1,"49":1,"50":1,"51":1,"52":1,"53":1,"54":1,"55":1,"56":1,"57":0,"58":1,"59":6,"60":6,"61":1,"62":2,"63":0,"64":2,"65":1,"66":1,"67":0,"68":0,"69":0,"70":0,"71":0,"72":0,"73":0,"74":0,"75":0,"76":0,"77":0,"78":0,"79":0,"80":0,"81":0,"82":0,"83":0},"b":{"1":[2,1,1,1],"2":[1,1,1,1],"3":[1,1],"4":[2,2],"5":[1,1],"6":[1,1],"7":[2,0],"8":[2,1,1,1,1,1],"9":[0,2,0],"10":[1,1],"11":[2,1,1],"12":[1,0],"13":[0,2],"14":[2,0,0,0,0,0,0],"15":[0,3],"16":[3,0],"17":[1,1],"18":[0,1],"19":[1,2,0,2],"20":[1,0],"21":[1,1],"22":[0,0],"23":[0,0],"24":[0,0],"25":[0,0],"26":[0,0],"27":[0,0],"28":[0,0]},"f":{"1":2,"2":2,"3":2,"4":2,"5":2,"6":2,"7":3,"8":3,"9":3,"10":1,"11":6,"12":0},"fnMap":{"1":{"name":"(anonymous_1)","line":26,"loc":{"start":{"line":26,"column":1},"end":{"line":26,"column":13}}},"2":{"name":"(anonymous_2)","line":33,"loc":{"start":{"line":33,"column":5},"end":{"line":33,"column":17}}},"3":{"name":"(anonymous_3)","line":37,"loc":{"start":{"line":37,"column":24},"end":{"line":37,"column":36}}},"4":{"name":"(anonymous_4)","line":69,"loc":{"start":{"line":69,"column":31},"end":{"line":69,"column":48}},"skip":true},"5":{"name":"(anonymous_5)","line":78,"loc":{"start":{"line":78,"column":26},"end":{"line":78,"column":45}},"skip":true},"6":{"name":"(anonymous_6)","line":123,"loc":{"start":{"line":123,"column":33},"end":{"line":123,"column":48}},"skip":true},"7":{"name":"(anonymous_7)","line":125,"loc":{"start":{"line":125,"column":27},"end":{"line":125,"column":39}},"skip":true},"8":{"name":"(anonymous_8)","line":133,"loc":{"start":{"line":133,"column":59},"end":{"line":133,"column":74}},"skip":true},"9":{"name":"(anonymous_9)","line":143,"loc":{"start":{"line":143,"column":45},"end":{"line":143,"column":62}},"skip":true},"10":{"name":"(anonymous_10)","line":144,"loc":{"start":{"line":144,"column":73},"end":{"line":144,"column":92}},"skip":true},"11":{"name":"(anonymous_11)","line":272,"loc":{"start":{"line":272,"column":51},"end":{"line":272,"column":77}},"skip":true},"12":{"name":"(anonymous_12)","line":315,"loc":{"start":{"line":315,"column":32},"end":{"line":315,"column":61}},"skip":true}},"statementMap":{"1":{"start":{"line":26,"column":0},"end":{"line":326,"column":5}},"2":{"start":{"line":28,"column":4},"end":{"line":28,"column":14}},"3":{"start":{"line":33,"column":4},"end":{"line":60,"column":9}},"4":{"start":{"line":35,"column":8},"end":{"line":35,"column":19}},"5":{"start":{"line":37,"column":8},"end":{"line":49,"column":13}},"6":{"start":{"line":38,"column":12},"end":{"line":48,"column":13}},"7":{"start":{"line":39,"column":16},"end":{"line":42,"column":30}},"8":{"start":{"line":44,"column":16},"end":{"line":47,"column":27}},"9":{"start":{"line":51,"column":8},"end":{"line":53,"column":21}},"10":{"start":{"line":55,"column":8},"end":{"line":57,"column":45}},"11":{"start":{"line":59,"column":8},"end":{"line":59,"column":35}},"12":{"start":{"line":61,"column":4},"end":{"line":325,"column":5}},"13":{"start":{"line":69,"column":8},"end":{"line":121,"column":10},"skip":true},"14":{"start":{"line":70,"column":12},"end":{"line":88,"column":13},"skip":true},"15":{"start":{"line":76,"column":16},"end":{"line":87,"column":19},"skip":true},"16":{"start":{"line":79,"column":20},"end":{"line":86,"column":21},"skip":true},"17":{"start":{"line":82,"column":24},"end":{"line":82,"column":43},"skip":true},"18":{"start":{"line":83,"column":24},"end":{"line":83,"column":30},"skip":true},"19":{"start":{"line":85,"column":24},"end":{"line":85,"column":49},"skip":true},"20":{"start":{"line":89,"column":12},"end":{"line":107,"column":13},"skip":true},"21":{"start":{"line":92,"column":16},"end":{"line":102,"column":17},"skip":true},"22":{"start":{"line":93,"column":20},"end":{"line":93,"column":86},"skip":true},"23":{"start":{"line":94,"column":20},"end":{"line":95,"column":45},"skip":true},"24":{"start":{"line":96,"column":20},"end":{"line":96,"column":42},"skip":true},"25":{"start":{"line":97,"column":20},"end":{"line":97,"column":48},"skip":true},"26":{"start":{"line":100,"column":20},"end":{"line":100,"column":85},"skip":true},"27":{"start":{"line":101,"column":20},"end":{"line":101,"column":96},"skip":true},"28":{"start":{"line":103,"column":16},"end":{"line":103,"column":22},"skip":true},"29":{"start":{"line":106,"column":16},"end":{"line":106,"column":22},"skip":true},"30":{"start":{"line":108,"column":12},"end":{"line":120,"column":13},"skip":true},"31":{"start":{"line":114,"column":16},"end":{"line":119,"column":17},"skip":true},"32":{"start":{"line":116,"column":20},"end":{"line":116,"column":78},"skip":true},"33":{"start":{"line":118,"column":20},"end":{"line":118,"column":47},"skip":true},"34":{"start":{"line":123,"column":8},"end":{"line":141,"column":11},"skip":true},"35":{"start":{"line":124,"column":12},"end":{"line":124,"column":54},"skip":true},"36":{"start":{"line":125,"column":12},"end":{"line":140,"column":14},"skip":true},"37":{"start":{"line":126,"column":16},"end":{"line":126,"column":28},"skip":true},"38":{"start":{"line":127,"column":16},"end":{"line":127,"column":69},"skip":true},"39":{"start":{"line":128,"column":16},"end":{"line":128,"column":75},"skip":true},"40":{"start":{"line":129,"column":16},"end":{"line":131,"column":17},"skip":true},"41":{"start":{"line":130,"column":20},"end":{"line":130,"column":27},"skip":true},"42":{"start":{"line":133,"column":16},"end":{"line":137,"column":36},"skip":true},"43":{"start":{"line":134,"column":20},"end":{"line":136,"column":55},"skip":true},"44":{"start":{"line":139,"column":16},"end":{"line":139,"column":57},"skip":true},"45":{"start":{"line":143,"column":8},"end":{"line":147,"column":11},"skip":true},"46":{"start":{"line":144,"column":12},"end":{"line":146,"column":15},"skip":true},"47":{"start":{"line":145,"column":16},"end":{"line":145,"column":70},"skip":true},"48":{"start":{"line":149,"column":8},"end":{"line":149,"column":31},"skip":true},"49":{"start":{"line":150,"column":8},"end":{"line":150,"column":14},"skip":true},"50":{"start":{"line":158,"column":8},"end":{"line":158,"column":31},"skip":true},"51":{"start":{"line":160,"column":8},"end":{"line":160,"column":33},"skip":true},"52":{"start":{"line":161,"column":8},"end":{"line":161,"column":37},"skip":true},"53":{"start":{"line":162,"column":8},"end":{"line":162,"column":35},"skip":true},"54":{"start":{"line":164,"column":8},"end":{"line":164,"column":50},"skip":true},"55":{"start":{"line":166,"column":8},"end":{"line":256,"column":2},"skip":true},"56":{"start":{"line":258,"column":8},"end":{"line":286,"column":9},"skip":true},"57":{"start":{"line":259,"column":12},"end":{"line":269,"column":14},"skip":true},"58":{"start":{"line":271,"column":12},"end":{"line":285,"column":19},"skip":true},"59":{"start":{"line":274,"column":20},"end":{"line":274,"column":35},"skip":true},"60":{"start":{"line":275,"column":20},"end":{"line":284,"column":21},"skip":true},"61":{"start":{"line":277,"column":24},"end":{"line":277,"column":64},"skip":true},"62":{"start":{"line":279,"column":24},"end":{"line":279,"column":40},"skip":true},"63":{"start":{"line":281,"column":24},"end":{"line":281,"column":40},"skip":true},"64":{"start":{"line":283,"column":24},"end":{"line":283,"column":39},"skip":true},"65":{"start":{"line":288,"column":8},"end":{"line":290,"column":9},"skip":true},"66":{"start":{"line":289,"column":12},"end":{"line":289,"column":18},"skip":true},"67":{"start":{"line":291,"column":8},"end":{"line":293,"column":54},"skip":true},"68":{"start":{"line":296,"column":8},"end":{"line":301,"column":37},"skip":true},"69":{"start":{"line":303,"column":8},"end":{"line":303,"column":82},"skip":true},"70":{"start":{"line":306,"column":8},"end":{"line":308,"column":9},"skip":true},"71":{"start":{"line":307,"column":12},"end":{"line":307,"column":82},"skip":true},"72":{"start":{"line":310,"column":8},"end":{"line":312,"column":9},"skip":true},"73":{"start":{"line":311,"column":12},"end":{"line":311,"column":18},"skip":true},"74":{"start":{"line":313,"column":8},"end":{"line":313,"column":54},"skip":true},"75":{"start":{"line":314,"column":8},"end":{"line":314,"column":69},"skip":true},"76":{"start":{"line":315,"column":8},"end":{"line":323,"column":36},"skip":true},"77":{"start":{"line":316,"column":12},"end":{"line":316,"column":61},"skip":true},"78":{"start":{"line":317,"column":12},"end":{"line":320,"column":13},"skip":true},"79":{"start":{"line":318,"column":16},"end":{"line":318,"column":75},"skip":true},"80":{"start":{"line":319,"column":16},"end":{"line":319,"column":23},"skip":true},"81":{"start":{"line":321,"column":12},"end":{"line":321,"column":38},"skip":true},"82":{"start":{"line":322,"column":12},"end":{"line":322,"column":27},"skip":true},"83":{"start":{"line":324,"column":8},"end":{"line":324,"column":14},"skip":true}},"branchMap":{"1":{"line":39,"type":"binary-expr","locations":[{"start":{"line":39,"column":23},"end":{"line":39,"column":62}},{"start":{"line":40,"column":20},"end":{"line":40,"column":70}},{"start":{"line":41,"column":20},"end":{"line":41,"column":71}},{"start":{"line":42,"column":20},"end":{"line":42,"column":29}}]},"2":{"line":44,"type":"binary-expr","locations":[{"start":{"line":44,"column":23},"end":{"line":44,"column":37}},{"start":{"line":45,"column":20},"end":{"line":45,"column":61}},{"start":{"line":46,"column":20},"end":{"line":46,"column":70}},{"start":{"line":47,"column":20},"end":{"line":47,"column":26}}]},"3":{"line":51,"type":"cond-expr","locations":[{"start":{"line":52,"column":14},"end":{"line":52,"column":20}},{"start":{"line":53,"column":14},"end":{"line":53,"column":20}}]},"4":{"line":55,"type":"binary-expr","locations":[{"start":{"line":55,"column":16},"end":{"line":55,"column":44}},{"start":{"line":55,"column":49},"end":{"line":57,"column":43}}]},"5":{"line":55,"type":"cond-expr","locations":[{"start":{"line":56,"column":14},"end":{"line":56,"column":56}},{"start":{"line":57,"column":14},"end":{"line":57,"column":43}}]},"6":{"line":61,"type":"switch","locations":[{"start":{"line":68,"column":4},"end":{"line":150,"column":14},"skip":true},{"start":{"line":156,"column":4},"end":{"line":324,"column":14},"skip":true}]},"7":{"line":70,"type":"if","locations":[{"start":{"line":70,"column":12},"end":{"line":70,"column":12},"skip":true},{"start":{"line":70,"column":12},"end":{"line":70,"column":12},"skip":true}]},"8":{"line":70,"type":"binary-expr","locations":[{"start":{"line":70,"column":16},"end":{"line":70,"column":22},"skip":true},{"start":{"line":70,"column":27},"end":{"line":70,"column":32},"skip":true},{"start":{"line":71,"column":20},"end":{"line":71,"column":39},"skip":true},{"start":{"line":72,"column":20},"end":{"line":72,"column":49},"skip":true},{"start":{"line":73,"column":20},"end":{"line":73,"column":58},"skip":true},{"start":{"line":74,"column":20},"end":{"line":74,"column":69},"skip":true}]},"9":{"line":79,"type":"switch","locations":[{"start":{"line":80,"column":20},"end":{"line":80,"column":33},"skip":true},{"start":{"line":81,"column":20},"end":{"line":83,"column":30},"skip":true},{"start":{"line":84,"column":20},"end":{"line":85,"column":49},"skip":true}]},"10":{"line":89,"type":"switch","locations":[{"start":{"line":90,"column":12},"end":{"line":103,"column":22},"skip":true},{"start":{"line":105,"column":12},"end":{"line":106,"column":22},"skip":true}]},"11":{"line":89,"type":"binary-expr","locations":[{"start":{"line":89,"column":20},"end":{"line":89,"column":25},"skip":true},{"start":{"line":89,"column":29},"end":{"line":89,"column":48},"skip":true},{"start":{"line":89,"column":52},"end":{"line":89,"column":74},"skip":true}]},"12":{"line":92,"type":"if","locations":[{"start":{"line":92,"column":16},"end":{"line":92,"column":16},"skip":true},{"start":{"line":92,"column":16},"end":{"line":92,"column":16},"skip":true}]},"13":{"line":108,"type":"if","locations":[{"start":{"line":108,"column":12},"end":{"line":108,"column":12},"skip":true},{"start":{"line":108,"column":12},"end":{"line":108,"column":12},"skip":true}]},"14":{"line":108,"type":"binary-expr","locations":[{"start":{"line":108,"column":16},"end":{"line":108,"column":61},"skip":true},{"start":{"line":108,"column":66},"end":{"line":108,"column":72},"skip":true},{"start":{"line":108,"column":77},"end":{"line":108,"column":82},"skip":true},{"start":{"line":109,"column":20},"end":{"line":109,"column":39},"skip":true},{"start":{"line":110,"column":20},"end":{"line":110,"column":49},"skip":true},{"start":{"line":111,"column":20},"end":{"line":111,"column":58},"skip":true},{"start":{"line":112,"column":20},"end":{"line":112,"column":68},"skip":true}]},"15":{"line":129,"type":"if","locations":[{"start":{"line":129,"column":16},"end":{"line":129,"column":16},"skip":true},{"start":{"line":129,"column":16},"end":{"line":129,"column":16},"skip":true}]},"16":{"line":134,"type":"cond-expr","locations":[{"start":{"line":135,"column":26},"end":{"line":135,"column":29},"skip":true},{"start":{"line":136,"column":26},"end":{"line":136,"column":54},"skip":true}]},"17":{"line":164,"type":"binary-expr","locations":[{"start":{"line":164,"column":27},"end":{"line":164,"column":43},"skip":true},{"start":{"line":164,"column":47},"end":{"line":164,"column":49},"skip":true}]},"18":{"line":258,"type":"if","locations":[{"start":{"line":258,"column":8},"end":{"line":258,"column":8},"skip":true},{"start":{"line":258,"column":8},"end":{"line":258,"column":8},"skip":true}]},"19":{"line":275,"type":"switch","locations":[{"start":{"line":276,"column":20},"end":{"line":277,"column":64},"skip":true},{"start":{"line":278,"column":20},"end":{"line":279,"column":40},"skip":true},{"start":{"line":280,"column":20},"end":{"line":281,"column":40},"skip":true},{"start":{"line":282,"column":20},"end":{"line":283,"column":39},"skip":true}]},"20":{"line":288,"type":"if","locations":[{"start":{"line":288,"column":8},"end":{"line":288,"column":8},"skip":true},{"start":{"line":288,"column":8},"end":{"line":288,"column":8},"skip":true}]},"21":{"line":288,"type":"binary-expr","locations":[{"start":{"line":288,"column":12},"end":{"line":288,"column":40},"skip":true},{"start":{"line":288,"column":44},"end":{"line":288,"column":67},"skip":true}]},"22":{"line":292,"type":"binary-expr","locations":[{"start":{"line":292,"column":12},"end":{"line":292,"column":50},"skip":true},{"start":{"line":293,"column":12},"end":{"line":293,"column":53},"skip":true}]},"23":{"line":297,"type":"binary-expr","locations":[{"start":{"line":297,"column":12},"end":{"line":297,"column":70},"skip":true},{"start":{"line":298,"column":12},"end":{"line":301,"column":36},"skip":true}]},"24":{"line":303,"type":"binary-expr","locations":[{"start":{"line":303,"column":43},"end":{"line":303,"column":75},"skip":true},{"start":{"line":303,"column":79},"end":{"line":303,"column":81},"skip":true}]},"25":{"line":306,"type":"if","locations":[{"start":{"line":306,"column":8},"end":{"line":306,"column":8},"skip":true},{"start":{"line":306,"column":8},"end":{"line":306,"column":8},"skip":true}]},"26":{"line":310,"type":"if","locations":[{"start":{"line":310,"column":8},"end":{"line":310,"column":8},"skip":true},{"start":{"line":310,"column":8},"end":{"line":310,"column":8},"skip":true}]},"27":{"line":313,"type":"binary-expr","locations":[{"start":{"line":313,"column":27},"end":{"line":313,"column":43},"skip":true},{"start":{"line":313,"column":47},"end":{"line":313,"column":53},"skip":true}]},"28":{"line":317,"type":"if","locations":[{"start":{"line":317,"column":12},"end":{"line":317,"column":12},"skip":true},{"start":{"line":317,"column":12},"end":{"line":317,"column":12},"skip":true}]}},"code":["/*","example.js","","quickstart example","","instruction","    1. save this script as example.js","    2. run the shell command:","        $ npm install npmtest-css-mqpacker && PORT=8081 node example.js","    3. play with the browser-demo on http://127.0.0.1:8081","*/","","","","/* istanbul instrument in package npmtest_css_mqpacker */","/*jslint","    bitwise: true,","    browser: true,","    maxerr: 8,","    maxlen: 96,","    node: true,","    nomen: true,","    regexp: true,","    stupid: true","*/","(function () {","    'use strict';","    var local;","","","","    // run shared js-env code - init-before","    (function () {","        // init local","        local = {};","        // init modeJs","        local.modeJs = (function () {","            try {","                return typeof navigator.userAgent === 'string' &&","                    typeof document.querySelector('body') === 'object' &&","                    typeof XMLHttpRequest.prototype.open === 'function' &&","                    'browser';","            } catch (errorCaughtBrowser) {","                return module.exports &&","                    typeof process.versions.node === 'string' &&","                    typeof require('http').createServer === 'function' &&","                    'node';","            }","        }());","        // init global","        local.global = local.modeJs === 'browser'","            ? window","            : global;","        // init utility2_rollup","        local = local.global.utility2_rollup || (local.modeJs === 'browser'","            ? local.global.utility2_npmtest_css_mqpacker","            : global.utility2_moduleExports);","        // export local","        local.global.local = local;","    }());","    switch (local.modeJs) {","","","","    // init-after","    // run browser js-env code - init-after","    /* istanbul ignore next */","    case 'browser':","        local.testRunBrowser = function (event) {","            if (!event || (event &&","                    event.currentTarget &&","                    event.currentTarget.className &&","                    event.currentTarget.className.includes &&","                    event.currentTarget.className.includes('onreset'))) {","                // reset output","                Array.from(","                    document.querySelectorAll('body > .resettable')","                ).forEach(function (element) {","                    switch (element.tagName) {","                    case 'INPUT':","                    case 'TEXTAREA':","                        element.value = '';","                        break;","                    default:","                        element.textContent = '';","                    }","                });","            }","            switch (event && event.currentTarget && event.currentTarget.id) {","            case 'testRunButton1':","                // show tests","                if (document.querySelector('#testReportDiv1').style.display === 'none') {","                    document.querySelector('#testReportDiv1').style.display = 'block';","                    document.querySelector('#testRunButton1').textContent =","                        'hide internal test';","                    local.modeTest = true;","                    local.testRunDefault(local);","                // hide tests","                } else {","                    document.querySelector('#testReportDiv1').style.display = 'none';","                    document.querySelector('#testRunButton1').textContent = 'run internal test';","                }","                break;","            // custom-case","            default:","                break;","            }","            if (document.querySelector('#inputTextareaEval1') && (!event || (event &&","                    event.currentTarget &&","                    event.currentTarget.className &&","                    event.currentTarget.className.includes &&","                    event.currentTarget.className.includes('oneval')))) {","                // try to eval input-code","                try {","                    /*jslint evil: true*/","                    eval(document.querySelector('#inputTextareaEval1').value);","                } catch (errorCaught) {","                    console.error(errorCaught);","                }","            }","        };","        // log stderr and stdout to #outputTextareaStdout1","        ['error', 'log'].forEach(function (key) {","            console[key + '_original'] = console[key];","            console[key] = function () {","                var element;","                console[key + '_original'].apply(console, arguments);","                element = document.querySelector('#outputTextareaStdout1');","                if (!element) {","                    return;","                }","                // append text to #outputTextareaStdout1","                element.value += Array.from(arguments).map(function (arg) {","                    return typeof arg === 'string'","                        ? arg","                        : JSON.stringify(arg, null, 4);","                }).join(' ') + '\\n';","                // scroll textarea to bottom","                element.scrollTop = element.scrollHeight;","            };","        });","        // init event-handling","        ['change', 'click', 'keyup'].forEach(function (event) {","            Array.from(document.querySelectorAll('.on' + event)).forEach(function (element) {","                element.addEventListener(event, local.testRunBrowser);","            });","        });","        // run tests","        local.testRunBrowser();","        break;","","","","    // run node js-env code - init-after","    /* istanbul ignore next */","    case 'node':","        // export local","        module.exports = local;","        // require modules","        local.fs = require('fs');","        local.http = require('http');","        local.url = require('url');","        // init assets","        local.assetsDict = local.assetsDict || {};","        /* jslint-ignore-begin */","        local.assetsDict['/assets.index.template.html'] = '\\","<!doctype html>\\n\\","<html lang=\"en\">\\n\\","<head>\\n\\","<meta charset=\"UTF-8\">\\n\\","<meta name=\"viewport\" content=\"width=device-width, initial-scale=1\">\\n\\","<title>{{env.npm_package_name}} (v{{env.npm_package_version}})</title>\\n\\","<style>\\n\\","/*csslint\\n\\","    box-sizing: false,\\n\\","    universal-selector: false\\n\\","*/\\n\\","* {\\n\\","    box-sizing: border-box;\\n\\","}\\n\\","body {\\n\\","    background: #dde;\\n\\","    font-family: Arial, Helvetica, sans-serif;\\n\\","    margin: 2rem;\\n\\","}\\n\\","body > * {\\n\\","    margin-bottom: 1rem;\\n\\","}\\n\\",".utility2FooterDiv {\\n\\","    margin-top: 20px;\\n\\","    text-align: center;\\n\\","}\\n\\","</style>\\n\\","<style>\\n\\","/*csslint\\n\\","*/\\n\\","textarea {\\n\\","    font-family: monospace;\\n\\","    height: 10rem;\\n\\","    width: 100%;\\n\\","}\\n\\","textarea[readonly] {\\n\\","    background: #ddd;\\n\\","}\\n\\","</style>\\n\\","</head>\\n\\","<body>\\n\\","<!-- utility2-comment\\n\\","<div id=\"ajaxProgressDiv1\" style=\"background: #d00; height: 2px; left: 0; margin: 0; padding: 0; position: fixed; top: 0; transition: background 0.5s, width 1.5s; width: 25%;\"></div>\\n\\","utility2-comment -->\\n\\","<h1>\\n\\","<!-- utility2-comment\\n\\","    <a\\n\\","        {{#if env.npm_package_homepage}}\\n\\","        href=\"{{env.npm_package_homepage}}\"\\n\\","        {{/if env.npm_package_homepage}}\\n\\","        target=\"_blank\"\\n\\","    >\\n\\","utility2-comment -->\\n\\","        {{env.npm_package_name}} (v{{env.npm_package_version}})\\n\\","<!-- utility2-comment\\n\\","    </a>\\n\\","utility2-comment -->\\n\\","</h1>\\n\\","<h3>{{env.npm_package_description}}</h3>\\n\\","<!-- utility2-comment\\n\\","<h4><a download href=\"assets.app.js\">download standalone app</a></h4>\\n\\","<button class=\"onclick onreset\" id=\"testRunButton1\">run internal test</button><br>\\n\\","<div id=\"testReportDiv1\" style=\"display: none;\"></div>\\n\\","utility2-comment -->\\n\\","\\n\\","\\n\\","\\n\\","<label>stderr and stdout</label>\\n\\","<textarea class=\"resettable\" id=\"outputTextareaStdout1\" readonly></textarea>\\n\\","<!-- utility2-comment\\n\\","{{#if isRollup}}\\n\\","<script src=\"assets.app.js\"></script>\\n\\","{{#unless isRollup}}\\n\\","utility2-comment -->\\n\\","<script src=\"assets.utility2.rollup.js\"></script>\\n\\","<script src=\"jsonp.utility2._stateInit?callback=window.utility2._stateInit\"></script>\\n\\","<script src=\"assets.npmtest_css_mqpacker.rollup.js\"></script>\\n\\","<script src=\"assets.example.js\"></script>\\n\\","<script src=\"assets.test.js\"></script>\\n\\","<!-- utility2-comment\\n\\","{{/if isRollup}}\\n\\","utility2-comment -->\\n\\","<div class=\"utility2FooterDiv\">\\n\\","    [ this app was created with\\n\\","    <a href=\"https://github.com/kaizhu256/node-utility2\" target=\"_blank\">utility2</a>\\n\\","    ]\\n\\","</div>\\n\\","</body>\\n\\","</html>\\n\\","';","        /* jslint-ignore-end */","        if (local.templateRender) {","            local.assetsDict['/'] = local.templateRender(","                local.assetsDict['/assets.index.template.html'],","                {","                    env: local.objectSetDefault(local.env, {","                        npm_package_description: 'the greatest app in the world!',","                        npm_package_name: 'my-app',","                        npm_package_nameAlias: 'my_app',","                        npm_package_version: '0.0.1'","                    })","                }","            );","        } else {","            local.assetsDict['/'] = local.assetsDict['/assets.index.template.html']","                .replace((/\\{\\{env\\.(\\w+?)\\}\\}/g), function (match0, match1) {","                    // jslint-hack","                    String(match0);","                    switch (match1) {","                    case 'npm_package_description':","                        return 'the greatest app in the world!';","                    case 'npm_package_name':","                        return 'my-app';","                    case 'npm_package_nameAlias':","                        return 'my_app';","                    case 'npm_package_version':","                        return '0.0.1';","                    }","                });","        }","        // run the cli","        if (local.global.utility2_rollup || module !== require.main) {","            break;","        }","        local.assetsDict['/assets.example.js'] =","            local.assetsDict['/assets.example.js'] ||","            local.fs.readFileSync(__filename, 'utf8');","        // bug-workaround - long $npm_package_buildCustomOrg","        /* jslint-ignore-begin */","        local.assetsDict['/assets.npmtest_css_mqpacker.rollup.js'] =","            local.assetsDict['/assets.npmtest_css_mqpacker.rollup.js'] ||","            local.fs.readFileSync(","                local.npmtest_css_mqpacker.__dirname + '/lib.npmtest_css_mqpacker.js',","                'utf8'","            ).replace((/^#!/), '//');","        /* jslint-ignore-end */","        local.assetsDict['/favicon.ico'] = local.assetsDict['/favicon.ico'] || '';","        // if $npm_config_timeout_exit exists,","        // then exit this process after $npm_config_timeout_exit ms","        if (Number(process.env.npm_config_timeout_exit)) {","            setTimeout(process.exit, Number(process.env.npm_config_timeout_exit));","        }","        // start server","        if (local.global.utility2_serverHttp1) {","            break;","        }","        process.env.PORT = process.env.PORT || '8081';","        console.error('server starting on port ' + process.env.PORT);","        local.http.createServer(function (request, response) {","            request.urlParsed = local.url.parse(request.url);","            if (local.assetsDict[request.urlParsed.pathname] !== undefined) {","                response.end(local.assetsDict[request.urlParsed.pathname]);","                return;","            }","            response.statusCode = 404;","            response.end();","        }).listen(process.env.PORT);","        break;","    }","}());",""],"l":{"26":2,"28":2,"33":2,"35":2,"37":2,"38":2,"39":2,"44":1,"51":2,"55":2,"59":2,"61":2,"69":1,"70":2,"76":2,"79":2,"82":2,"83":2,"85":1,"89":2,"92":1,"93":1,"94":1,"96":1,"97":1,"100":1,"101":1,"103":1,"106":1,"108":2,"114":1,"116":1,"118":1,"123":1,"124":2,"125":2,"126":3,"127":3,"128":3,"129":3,"130":1,"133":3,"134":3,"139":3,"143":1,"144":3,"145":1,"149":1,"150":1,"158":1,"160":1,"161":1,"162":1,"164":1,"166":1,"258":1,"259":1,"271":1,"274":6,"275":6,"277":1,"279":2,"281":1,"283":2,"288":1,"289":1,"291":1,"296":1,"303":1,"306":1,"307":1,"310":1,"311":1,"313":1,"314":1,"315":1,"316":1,"317":1,"318":1,"319":1,"321":1,"322":1,"324":1}},"/home/travis/build/npmtest/node-npmtest-css-mqpacker/node_modules/css-mqpacker/index.js":{"path":"/home/travis/build/npmtest/node-npmtest-css-mqpacker/node_modules/css-mqpacker/index.js","s":{"1":1,"2":1,"3":1,"4":1,"5":0,"6":0,"7":0,"8":0,"9":0,"10":0,"11":0,"12":1,"13":0,"14":0,"15":0,"16":0,"17":0,"18":0,"19":0,"20":0,"21":0,"22":0,"23":0,"24":0,"25":0,"26":0,"27":0,"28":0,"29":0,"30":0,"31":0,"32":0,"33":1,"34":0,"35":0,"36":0,"37":0,"38":0,"39":0,"40":0,"41":0,"42":0,"43":0,"44":0,"45":0,"46":0,"47":0,"48":0,"49":0,"50":0,"51":1,"52":0,"53":0,"54":0,"55":0,"56":0,"57":0,"58":0,"59":0,"60":0,"61":1,"62":0,"63":0,"64":0,"65":0,"66":0,"67":0,"68":0,"69":0,"70":0,"71":0,"72":0,"73":1,"74":0,"75":0,"76":0,"77":0,"78":0,"79":0,"80":0,"81":0,"82":0,"83":0,"84":0,"85":0,"86":0,"87":0,"88":0,"89":0,"90":0,"91":0,"92":0,"93":0,"94":0,"95":0,"96":0,"97":0,"98":0,"99":1,"100":0},"b":{"1":[0,0],"2":[0,0],"3":[0,0],"4":[0,0],"5":[0,0],"6":[0,0],"7":[0,0],"8":[0,0,0,0,0],"9":[0,0],"10":[0,0,0],"11":[0,0],"12":[0,0],"13":[0,0],"14":[0,0],"15":[0,0],"16":[0,0],"17":[0,0]},"f":{"1":0,"2":0,"3":0,"4":0,"5":0,"6":0,"7":0,"8":0,"9":0,"10":0,"11":0,"12":0,"13":0,"14":0,"15":0,"16":0,"17":0,"18":0,"19":0,"20":0},"fnMap":{"1":{"name":"(anonymous_1)","line":7,"loc":{"start":{"line":7,"column":28},"end":{"line":7,"column":44}}},"2":{"name":"(anonymous_2)","line":23,"loc":{"start":{"line":23,"column":21},"end":{"line":23,"column":42}}},"3":{"name":"(anonymous_3)","line":25,"loc":{"start":{"line":25,"column":32},"end":{"line":25,"column":49}}},"4":{"name":"(anonymous_4)","line":27,"loc":{"start":{"line":27,"column":30},"end":{"line":27,"column":52}}},"5":{"name":"(anonymous_5)","line":58,"loc":{"start":{"line":58,"column":20},"end":{"line":58,"column":38}}},"6":{"name":"(anonymous_6)","line":96,"loc":{"start":{"line":96,"column":26},"end":{"line":96,"column":49}}},"7":{"name":"(anonymous_7)","line":98,"loc":{"start":{"line":98,"column":22},"end":{"line":98,"column":41}}},"8":{"name":"(anonymous_8)","line":105,"loc":{"start":{"line":105,"column":52},"end":{"line":105,"column":68}}},"9":{"name":"(anonymous_9)","line":110,"loc":{"start":{"line":110,"column":24},"end":{"line":110,"column":40}}},"10":{"name":"(anonymous_10)","line":115,"loc":{"start":{"line":115,"column":21},"end":{"line":115,"column":49}}},"11":{"name":"(anonymous_11)","line":126,"loc":{"start":{"line":126,"column":21},"end":{"line":126,"column":42}}},"12":{"name":"(anonymous_12)","line":130,"loc":{"start":{"line":130,"column":27},"end":{"line":130,"column":43}}},"13":{"name":"(anonymous_13)","line":135,"loc":{"start":{"line":135,"column":10},"end":{"line":135,"column":26}}},"14":{"name":"(anonymous_14)","line":137,"loc":{"start":{"line":137,"column":9},"end":{"line":137,"column":22}}},"15":{"name":"(anonymous_15)","line":142,"loc":{"start":{"line":142,"column":42},"end":{"line":142,"column":58}}},"16":{"name":"(anonymous_16)","line":151,"loc":{"start":{"line":151,"column":9},"end":{"line":151,"column":24}}},"17":{"name":"(anonymous_17)","line":160,"loc":{"start":{"line":160,"column":29},"end":{"line":160,"column":47}}},"18":{"name":"(anonymous_18)","line":166,"loc":{"start":{"line":166,"column":20},"end":{"line":166,"column":36}}},"19":{"name":"(anonymous_19)","line":177,"loc":{"start":{"line":177,"column":50},"end":{"line":177,"column":71}}},"20":{"name":"(anonymous_20)","line":189,"loc":{"start":{"line":189,"column":22},"end":{"line":189,"column":43}}}},"statementMap":{"1":{"start":{"line":3,"column":0},"end":{"line":3,"column":39}},"2":{"start":{"line":4,"column":0},"end":{"line":4,"column":36}},"3":{"start":{"line":5,"column":0},"end":{"line":5,"column":33}},"4":{"start":{"line":7,"column":0},"end":{"line":21,"column":2}},"5":{"start":{"line":8,"column":2},"end":{"line":10,"column":3}},"6":{"start":{"line":9,"column":4},"end":{"line":9,"column":17}},"7":{"start":{"line":12,"column":2},"end":{"line":14,"column":3}},"8":{"start":{"line":13,"column":4},"end":{"line":13,"column":17}},"9":{"start":{"line":16,"column":2},"end":{"line":18,"column":3}},"10":{"start":{"line":17,"column":4},"end":{"line":17,"column":17}},"11":{"start":{"line":20,"column":2},"end":{"line":20,"column":14}},"12":{"start":{"line":23,"column":0},"end":{"line":56,"column":2}},"13":{"start":{"line":24,"column":2},"end":{"line":24,"column":19}},"14":{"start":{"line":25,"column":2},"end":{"line":53,"column":5}},"15":{"start":{"line":26,"column":4},"end":{"line":26,"column":25}},"16":{"start":{"line":27,"column":4},"end":{"line":51,"column":7}},"17":{"start":{"line":28,"column":6},"end":{"line":28,"column":18}},"18":{"start":{"line":29,"column":6},"end":{"line":29,"column":16}},"19":{"start":{"line":30,"column":6},"end":{"line":30,"column":44}},"20":{"start":{"line":32,"column":6},"end":{"line":34,"column":7}},"21":{"start":{"line":33,"column":8},"end":{"line":33,"column":15}},"22":{"start":{"line":36,"column":6},"end":{"line":40,"column":7}},"23":{"start":{"line":37,"column":8},"end":{"line":37,"column":39}},"24":{"start":{"line":39,"column":8},"end":{"line":39,"column":15}},"25":{"start":{"line":42,"column":6},"end":{"line":42,"column":73}},"26":{"start":{"line":43,"column":6},"end":{"line":43,"column":30}},"27":{"start":{"line":44,"column":6},"end":{"line":44,"column":28}},"28":{"start":{"line":46,"column":6},"end":{"line":48,"column":7}},"29":{"start":{"line":47,"column":8},"end":{"line":47,"column":34}},"30":{"start":{"line":50,"column":6},"end":{"line":50,"column":39}},"31":{"start":{"line":52,"column":4},"end":{"line":52,"column":30}},"32":{"start":{"line":55,"column":2},"end":{"line":55,"column":17}},"33":{"start":{"line":58,"column":0},"end":{"line":94,"column":2}},"34":{"start":{"line":59,"column":2},"end":{"line":59,"column":10}},"35":{"start":{"line":60,"column":2},"end":{"line":60,"column":11}},"36":{"start":{"line":61,"column":2},"end":{"line":61,"column":57}},"37":{"start":{"line":63,"column":2},"end":{"line":65,"column":3}},"38":{"start":{"line":64,"column":4},"end":{"line":64,"column":28}},"39":{"start":{"line":67,"column":2},"end":{"line":67,"column":18}},"40":{"start":{"line":68,"column":2},"end":{"line":68,"column":19}},"41":{"start":{"line":70,"column":2},"end":{"line":91,"column":3}},"42":{"start":{"line":72,"column":4},"end":{"line":72,"column":38}},"43":{"start":{"line":74,"column":4},"end":{"line":74,"column":10}},"44":{"start":{"line":78,"column":4},"end":{"line":78,"column":31}},"45":{"start":{"line":80,"column":4},"end":{"line":80,"column":10}},"46":{"start":{"line":83,"column":4},"end":{"line":83,"column":37}},"47":{"start":{"line":85,"column":4},"end":{"line":85,"column":10}},"48":{"start":{"line":88,"column":4},"end":{"line":88,"column":26}},"49":{"start":{"line":90,"column":4},"end":{"line":90,"column":10}},"50":{"start":{"line":93,"column":2},"end":{"line":93,"column":13}},"51":{"start":{"line":96,"column":0},"end":{"line":113,"column":2}},"52":{"start":{"line":97,"column":2},"end":{"line":97,"column":21}},"53":{"start":{"line":98,"column":2},"end":{"line":108,"column":5}},"54":{"start":{"line":99,"column":4},"end":{"line":99,"column":40}},"55":{"start":{"line":101,"column":4},"end":{"line":103,"column":5}},"56":{"start":{"line":102,"column":6},"end":{"line":102,"column":24}},"57":{"start":{"line":105,"column":4},"end":{"line":107,"column":11}},"58":{"start":{"line":106,"column":6},"end":{"line":106,"column":19}},"59":{"start":{"line":110,"column":2},"end":{"line":112,"column":8}},"60":{"start":{"line":111,"column":4},"end":{"line":111,"column":17}},"61":{"start":{"line":115,"column":0},"end":{"line":140,"column":2}},"62":{"start":{"line":116,"column":2},"end":{"line":116,"column":25}},"63":{"start":{"line":118,"column":2},"end":{"line":120,"column":3}},"64":{"start":{"line":119,"column":4},"end":{"line":119,"column":22}},"65":{"start":{"line":122,"column":2},"end":{"line":124,"column":3}},"66":{"start":{"line":123,"column":4},"end":{"line":123,"column":33}},"67":{"start":{"line":126,"column":2},"end":{"line":128,"column":5}},"68":{"start":{"line":127,"column":4},"end":{"line":127,"column":50}},"69":{"start":{"line":130,"column":2},"end":{"line":139,"column":5}},"70":{"start":{"line":131,"column":4},"end":{"line":134,"column":6}},"71":{"start":{"line":136,"column":4},"end":{"line":136,"column":29}},"72":{"start":{"line":138,"column":4},"end":{"line":138,"column":31}},"73":{"start":{"line":142,"column":0},"end":{"line":187,"column":3}},"74":{"start":{"line":143,"column":2},"end":{"line":145,"column":3}},"75":{"start":{"line":144,"column":4},"end":{"line":144,"column":14}},"76":{"start":{"line":147,"column":2},"end":{"line":149,"column":3}},"77":{"start":{"line":148,"column":4},"end":{"line":148,"column":22}},"78":{"start":{"line":151,"column":2},"end":{"line":186,"column":4}},"79":{"start":{"line":152,"column":4},"end":{"line":152,"column":21}},"80":{"start":{"line":153,"column":4},"end":{"line":153,"column":24}},"81":{"start":{"line":154,"column":4},"end":{"line":154,"column":29}},"82":{"start":{"line":156,"column":4},"end":{"line":158,"column":5}},"83":{"start":{"line":157,"column":6},"end":{"line":157,"column":23}},"84":{"start":{"line":160,"column":4},"end":{"line":175,"column":7}},"85":{"start":{"line":161,"column":6},"end":{"line":161,"column":15}},"86":{"start":{"line":162,"column":6},"end":{"line":162,"column":36}},"87":{"start":{"line":163,"column":6},"end":{"line":163,"column":32}},"88":{"start":{"line":165,"column":6},"end":{"line":172,"column":7}},"89":{"start":{"line":166,"column":8},"end":{"line":168,"column":11}},"90":{"start":{"line":167,"column":10},"end":{"line":167,"column":36}},"91":{"start":{"line":170,"column":8},"end":{"line":170,"column":44}},"92":{"start":{"line":171,"column":8},"end":{"line":171,"column":35}},"93":{"start":{"line":174,"column":6},"end":{"line":174,"column":22}},"94":{"start":{"line":177,"column":4},"end":{"line":179,"column":7}},"95":{"start":{"line":178,"column":6},"end":{"line":178,"column":37}},"96":{"start":{"line":181,"column":4},"end":{"line":183,"column":5}},"97":{"start":{"line":182,"column":6},"end":{"line":182,"column":28}},"98":{"start":{"line":185,"column":4},"end":{"line":185,"column":15}},"99":{"start":{"line":189,"column":0},"end":{"line":193,"column":2}},"100":{"start":{"line":190,"column":2},"end":{"line":192,"column":24}}},"branchMap":{"1":{"line":8,"type":"if","locations":[{"start":{"line":8,"column":2},"end":{"line":8,"column":2}},{"start":{"line":8,"column":2},"end":{"line":8,"column":2}}]},"2":{"line":12,"type":"if","locations":[{"start":{"line":12,"column":2},"end":{"line":12,"column":2}},{"start":{"line":12,"column":2},"end":{"line":12,"column":2}}]},"3":{"line":16,"type":"if","locations":[{"start":{"line":16,"column":2},"end":{"line":16,"column":2}},{"start":{"line":16,"column":2},"end":{"line":16,"column":2}}]},"4":{"line":32,"type":"if","locations":[{"start":{"line":32,"column":6},"end":{"line":32,"column":6}},{"start":{"line":32,"column":6},"end":{"line":32,"column":6}}]},"5":{"line":36,"type":"if","locations":[{"start":{"line":36,"column":6},"end":{"line":36,"column":6}},{"start":{"line":36,"column":6},"end":{"line":36,"column":6}}]},"6":{"line":46,"type":"if","locations":[{"start":{"line":46,"column":6},"end":{"line":46,"column":6}},{"start":{"line":46,"column":6},"end":{"line":46,"column":6}}]},"7":{"line":63,"type":"if","locations":[{"start":{"line":63,"column":2},"end":{"line":63,"column":2}},{"start":{"line":63,"column":2},"end":{"line":63,"column":2}}]},"8":{"line":70,"type":"switch","locations":[{"start":{"line":71,"column":2},"end":{"line":74,"column":10}},{"start":{"line":76,"column":2},"end":{"line":76,"column":12}},{"start":{"line":77,"column":2},"end":{"line":80,"column":10}},{"start":{"line":82,"column":2},"end":{"line":85,"column":10}},{"start":{"line":87,"column":2},"end":{"line":90,"column":10}}]},"9":{"line":101,"type":"if","locations":[{"start":{"line":101,"column":4},"end":{"line":101,"column":4}},{"start":{"line":101,"column":4},"end":{"line":101,"column":4}}]},"10":{"line":101,"type":"binary-expr","locations":[{"start":{"line":101,"column":8},"end":{"line":101,"column":17}},{"start":{"line":101,"column":21},"end":{"line":101,"column":32}},{"start":{"line":101,"column":36},"end":{"line":101,"column":49}}]},"11":{"line":118,"type":"if","locations":[{"start":{"line":118,"column":2},"end":{"line":118,"column":2}},{"start":{"line":118,"column":2},"end":{"line":118,"column":2}}]},"12":{"line":122,"type":"if","locations":[{"start":{"line":122,"column":2},"end":{"line":122,"column":2}},{"start":{"line":122,"column":2},"end":{"line":122,"column":2}}]},"13":{"line":143,"type":"if","locations":[{"start":{"line":143,"column":2},"end":{"line":143,"column":2}},{"start":{"line":143,"column":2},"end":{"line":143,"column":2}}]},"14":{"line":147,"type":"if","locations":[{"start":{"line":147,"column":2},"end":{"line":147,"column":2}},{"start":{"line":147,"column":2},"end":{"line":147,"column":2}}]},"15":{"line":156,"type":"if","locations":[{"start":{"line":156,"column":4},"end":{"line":156,"column":4}},{"start":{"line":156,"column":4},"end":{"line":156,"column":4}}]},"16":{"line":165,"type":"if","locations":[{"start":{"line":165,"column":6},"end":{"line":165,"column":6}},{"start":{"line":165,"column":6},"end":{"line":165,"column":6}}]},"17":{"line":181,"type":"if","locations":[{"start":{"line":181,"column":4},"end":{"line":181,"column":4}},{"start":{"line":181,"column":4},"end":{"line":181,"column":4}}]}},"code":["\"use strict\";","","var list = require(\"postcss/lib/list\");","var pkg = require(\"./package.json\");","var postcss = require(\"postcss\");","","var isSourceMapAnnotation = function (rule) {","  if (!rule) {","    return false;","  }","","  if (rule.type !== \"comment\") {","    return false;","  }","","  if (rule.text.toLowerCase().indexOf(\"# sourcemappingurl=\") !== 0) {","    return false;","  }","","  return true;","};","","var parseQueryList = function (queryList) {","  var queries = [];","  list.comma(queryList).forEach(function (query) {","    var expressions = {};","    list.space(query).forEach(function (expression) {","      var feature;","      var value;","      expression = expression.toLowerCase();","","      if (expression === \"and\") {","        return;","      }","","      if (/^\\w+$/.test(expression)) {","        expressions[expression] = true;","","        return;","      }","","      expression = list.split(expression.replace(/^\\(|\\)$/g, \"\"), [\":\"]);","      feature = expression[0];","      value = expression[1];","","      if (!expressions[feature]) {","        expressions[feature] = [];","      }","","      expressions[feature].push(value);","    });","    queries.push(expressions);","  });","","  return queries;","};","","var inspectLength = function (length) {","  var num;","  var unit;","  length = /(-?\\d*\\.?\\d+)(ch|em|ex|px|rem)/.exec(length);","","  if (!length) {","    return Number.MAX_VALUE;","  }","","  num = length[1];","  unit = length[2];","","  switch (unit) {","  case \"ch\":","    num = parseFloat(num) * 8.8984375;","","    break;","","  case \"em\":","  case \"rem\":","    num = parseFloat(num) * 16;","","    break;","","  case \"ex\":","    num = parseFloat(num) * 8.296875;","","    break;","","  case \"px\":","    num = parseFloat(num);","","    break;","  }","","  return num;","};","","var pickMinimumMinWidth = function (expressions) {","  var minWidths = [];","  expressions.forEach(function (feature) {","    var minWidth = feature[\"min-width\"];","","    if (!minWidth || feature.not || feature.print) {","      minWidth = [null];","    }","","    minWidths.push(minWidth.map(inspectLength).sort(function (a, b) {","      return b - a;","    })[0]);","  });","","  return minWidths.sort(function (a, b) {","    return a - b;","  })[0];","};","","var sortQueryLists = function (queryLists, sort) {","  var mapQueryLists = [];","","  if (!sort) {","    return queryLists;","  }","","  if (typeof sort === \"function\") {","    return queryLists.sort(sort);","  }","","  queryLists.forEach(function (queryList) {","    mapQueryLists.push(parseQueryList(queryList));","  });","","  return mapQueryLists.map(function (e, i) {","    return {","      index: i,","      value: pickMinimumMinWidth(e)","    };","  }).sort(function (a, b) {","    return a.value - b.value;","  }).map(function (e) {","    return queryLists[e.index];","  });","};","","module.exports = postcss.plugin(pkg.name, function (opts) {","  if (!opts) {","    opts = {};","  }","","  if (!opts.sort) {","    opts.sort = false;","  }","","  return function (css) {","    var queries = {};","    var queryLists = [];","    var sourceMap = css.last;","","    if (!isSourceMapAnnotation(sourceMap)) {","      sourceMap = null;","    }","","    css.walkAtRules(\"media\", function (atRule) {","      var past;","      var queryList = atRule.params;","      past = queries[queryList];","","      if (typeof past === \"object\") {","        atRule.each(function (rule) {","          past.append(rule.clone());","        });","      } else {","        queries[queryList] = atRule.clone();","        queryLists.push(queryList);","      }","","      atRule.remove();","    });","","    sortQueryLists(queryLists, opts.sort).forEach(function (queryList) {","      css.append(queries[queryList]);","    });","","    if (sourceMap) {","      sourceMap.moveTo(css);","    }","","    return css;","  };","});","","module.exports.pack = function (css, opts) {","  return postcss([","    this(opts)","  ]).process(css, opts);","};",""],"l":{"3":1,"4":1,"5":1,"7":1,"8":0,"9":0,"12":0,"13":0,"16":0,"17":0,"20":0,"23":1,"24":0,"25":0,"26":0,"27":0,"28":0,"29":0,"30":0,"32":0,"33":0,"36":0,"37":0,"39":0,"42":0,"43":0,"44":0,"46":0,"47":0,"50":0,"52":0,"55":0,"58":1,"59":0,"60":0,"61":0,"63":0,"64":0,"67":0,"68":0,"70":0,"72":0,"74":0,"78":0,"80":0,"83":0,"85":0,"88":0,"90":0,"93":0,"96":1,"97":0,"98":0,"99":0,"101":0,"102":0,"105":0,"106":0,"110":0,"111":0,"115":1,"116":0,"118":0,"119":0,"122":0,"123":0,"126":0,"127":0,"130":0,"131":0,"136":0,"138":0,"142":1,"143":0,"144":0,"147":0,"148":0,"151":0,"152":0,"153":0,"154":0,"156":0,"157":0,"160":0,"161":0,"162":0,"163":0,"165":0,"166":0,"167":0,"170":0,"171":0,"174":0,"177":0,"178":0,"181":0,"182":0,"185":0,"189":1,"190":0}},"/home/travis/build/npmtest/node-npmtest-css-mqpacker/node_modules/css-mqpacker/bin/mqpacker.js":{"path":"/home/travis/build/npmtest/node-npmtest-css-mqpacker/node_modules/css-mqpacker/bin/mqpacker.js","s":{"1":1,"2":1,"3":1,"4":1,"5":1,"6":1,"7":1,"8":1,"9":1,"10":1,"11":1,"12":1,"13":1,"14":1,"15":1,"16":1,"17":1,"18":1,"19":1,"20":1,"21":0,"22":0,"23":0,"24":0,"25":0,"26":0,"27":0,"28":0,"29":0,"30":0,"31":0,"32":1,"33":1,"34":1,"35":1,"36":0,"37":0,"38":1,"39":1,"40":0,"41":0,"42":0,"43":0,"44":0,"45":0,"46":0,"47":0,"48":0,"49":0,"50":0,"51":0,"52":0,"53":0,"54":0,"55":0},"b":{"1":[0,0],"2":[0,0],"3":[0,0],"4":[1,0],"5":[0,1,0],"6":[0,0],"7":[0,0],"8":[0,0],"9":[0,0],"10":[0,0],"11":[0,0]},"f":{"1":1,"2":0,"3":0,"4":0},"fnMap":{"1":{"name":"(anonymous_1)","line":11,"loc":{"start":{"line":11,"column":15},"end":{"line":11,"column":27}}},"2":{"name":"(anonymous_2)","line":27,"loc":{"start":{"line":27,"column":11},"end":{"line":27,"column":27}}},"3":{"name":"(anonymous_3)","line":28,"loc":{"start":{"line":28,"column":27},"end":{"line":28,"column":45}}},"4":{"name":"(anonymous_4)","line":40,"loc":{"start":{"line":40,"column":11},"end":{"line":40,"column":28}}}},"statementMap":{"1":{"start":{"line":5,"column":0},"end":{"line":5,"column":35}},"2":{"start":{"line":6,"column":0},"end":{"line":6,"column":23}},"3":{"start":{"line":7,"column":0},"end":{"line":7,"column":35}},"4":{"start":{"line":8,"column":0},"end":{"line":8,"column":37}},"5":{"start":{"line":10,"column":0},"end":{"line":10,"column":38}},"6":{"start":{"line":11,"column":0},"end":{"line":26,"column":2}},"7":{"start":{"line":12,"column":2},"end":{"line":12,"column":65}},"8":{"start":{"line":13,"column":2},"end":{"line":13,"column":18}},"9":{"start":{"line":14,"column":2},"end":{"line":14,"column":30}},"10":{"start":{"line":15,"column":2},"end":{"line":15,"column":38}},"11":{"start":{"line":16,"column":2},"end":{"line":16,"column":18}},"12":{"start":{"line":17,"column":2},"end":{"line":17,"column":26}},"13":{"start":{"line":18,"column":2},"end":{"line":18,"column":62}},"14":{"start":{"line":19,"column":2},"end":{"line":19,"column":60}},"15":{"start":{"line":20,"column":2},"end":{"line":20,"column":55}},"16":{"start":{"line":21,"column":2},"end":{"line":21,"column":63}},"17":{"start":{"line":22,"column":2},"end":{"line":22,"column":18}},"18":{"start":{"line":23,"column":2},"end":{"line":23,"column":78}},"19":{"start":{"line":25,"column":2},"end":{"line":25,"column":9}},"20":{"start":{"line":27,"column":0},"end":{"line":53,"column":2}},"21":{"start":{"line":28,"column":2},"end":{"line":52,"column":5}},"22":{"start":{"line":29,"column":4},"end":{"line":33,"column":5}},"23":{"start":{"line":30,"column":6},"end":{"line":30,"column":39}},"24":{"start":{"line":32,"column":6},"end":{"line":32,"column":13}},"25":{"start":{"line":35,"column":4},"end":{"line":35,"column":39}},"26":{"start":{"line":37,"column":4},"end":{"line":39,"column":5}},"27":{"start":{"line":38,"column":6},"end":{"line":38,"column":50}},"28":{"start":{"line":41,"column":4},"end":{"line":49,"column":5}},"29":{"start":{"line":42,"column":6},"end":{"line":47,"column":19}},"30":{"start":{"line":48,"column":6},"end":{"line":48,"column":22}},"31":{"start":{"line":51,"column":4},"end":{"line":51,"column":16}},"32":{"start":{"line":54,"column":0},"end":{"line":72,"column":3}},"33":{"start":{"line":74,"column":0},"end":{"line":76,"column":1}},"34":{"start":{"line":75,"column":2},"end":{"line":75,"column":19}},"35":{"start":{"line":78,"column":0},"end":{"line":120,"column":1}},"36":{"start":{"line":80,"column":2},"end":{"line":80,"column":44}},"37":{"start":{"line":82,"column":2},"end":{"line":82,"column":8}},"38":{"start":{"line":85,"column":2},"end":{"line":85,"column":13}},"39":{"start":{"line":87,"column":2},"end":{"line":87,"column":8}},"40":{"start":{"line":90,"column":2},"end":{"line":90,"column":15}},"41":{"start":{"line":91,"column":2},"end":{"line":91,"column":19}},"42":{"start":{"line":93,"column":2},"end":{"line":95,"column":3}},"43":{"start":{"line":94,"column":4},"end":{"line":94,"column":24}},"44":{"start":{"line":97,"column":2},"end":{"line":99,"column":3}},"45":{"start":{"line":98,"column":4},"end":{"line":98,"column":23}},"46":{"start":{"line":101,"column":2},"end":{"line":101,"column":27}},"47":{"start":{"line":103,"column":2},"end":{"line":105,"column":3}},"48":{"start":{"line":104,"column":4},"end":{"line":104,"column":27}},"49":{"start":{"line":107,"column":2},"end":{"line":111,"column":3}},"50":{"start":{"line":108,"column":4},"end":{"line":110,"column":6}},"51":{"start":{"line":113,"column":2},"end":{"line":116,"column":3}},"52":{"start":{"line":114,"column":4},"end":{"line":114,"column":24}},"53":{"start":{"line":115,"column":4},"end":{"line":115,"column":33}},"54":{"start":{"line":118,"column":2},"end":{"line":118,"column":43}},"55":{"start":{"line":119,"column":2},"end":{"line":119,"column":21}}},"branchMap":{"1":{"line":29,"type":"if","locations":[{"start":{"line":29,"column":4},"end":{"line":29,"column":4}},{"start":{"line":29,"column":4},"end":{"line":29,"column":4}}]},"2":{"line":37,"type":"if","locations":[{"start":{"line":37,"column":4},"end":{"line":37,"column":4}},{"start":{"line":37,"column":4},"end":{"line":37,"column":4}}]},"3":{"line":41,"type":"if","locations":[{"start":{"line":41,"column":4},"end":{"line":41,"column":4}},{"start":{"line":41,"column":4},"end":{"line":41,"column":4}}]},"4":{"line":74,"type":"if","locations":[{"start":{"line":74,"column":0},"end":{"line":74,"column":0}},{"start":{"line":74,"column":0},"end":{"line":74,"column":0}}]},"5":{"line":78,"type":"switch","locations":[{"start":{"line":79,"column":0},"end":{"line":82,"column":8}},{"start":{"line":84,"column":0},"end":{"line":87,"column":8}},{"start":{"line":89,"column":0},"end":{"line":119,"column":21}}]},"6":{"line":93,"type":"if","locations":[{"start":{"line":93,"column":2},"end":{"line":93,"column":2}},{"start":{"line":93,"column":2},"end":{"line":93,"column":2}}]},"7":{"line":97,"type":"if","locations":[{"start":{"line":97,"column":2},"end":{"line":97,"column":2}},{"start":{"line":97,"column":2},"end":{"line":97,"column":2}}]},"8":{"line":103,"type":"if","locations":[{"start":{"line":103,"column":2},"end":{"line":103,"column":2}},{"start":{"line":103,"column":2},"end":{"line":103,"column":2}}]},"9":{"line":107,"type":"if","locations":[{"start":{"line":107,"column":2},"end":{"line":107,"column":2}},{"start":{"line":107,"column":2},"end":{"line":107,"column":2}}]},"10":{"line":107,"type":"binary-expr","locations":[{"start":{"line":107,"column":6},"end":{"line":107,"column":17}},{"start":{"line":107,"column":21},"end":{"line":107,"column":31}}]},"11":{"line":113,"type":"if","locations":[{"start":{"line":113,"column":2},"end":{"line":113,"column":2}},{"start":{"line":113,"column":2},"end":{"line":113,"column":2}}]}},"code":["//#!/usr/bin/env node","","\"use strict\";","","var mqpacker = require(\"../index\");","var fs = require(\"fs\");","var minimist = require(\"minimist\");","var pkg = require(\"../package.json\");","","var binname = Object.keys(pkg.bin)[0];","var showHelp = function () {","  console.log(\"Usage: \" + binname + \" [options] INPUT [OUTPUT]\");","  console.log(\"\");","  console.log(\"Description:\");","  console.log(\"  \" + pkg.description);","  console.log(\"\");","  console.log(\"Options:\");","  console.log(\"  -s, --sort       Sort `min-width` queries.\");","  console.log(\"      --sourcemap  Create source map file.\");","  console.log(\"  -h, --help       Show this message.\");","  console.log(\"  -v, --version    Print version information.\");","  console.log(\"\");","  console.log(\"Use a single dash for INPUT to read CSS from standard input.\");","","  return;","};","var pack = function (s, o) {","  mqpacker.pack(s, o).then(function (result) {","    if (!o.to) {","      process.stdout.write(result.css);","","      return;","    }","","    fs.writeFileSync(o.to, result.css);","","    if (result.map) {","      fs.writeFileSync(o.to + \".map\", result.map);","    }","  }).catch(function (error) {","    if (error.name === \"CssSyntaxError\") {","      console.error([","        error.file,","        error.line,","        error.column,","        \" \" + error.reason","      ].join(\":\"));","      process.exit(1);","    }","","    throw error;","  });","};","var argv = minimist(process.argv.slice(2), {","  boolean: [","    \"help\",","    \"sort\",","    \"sourcemap\",","    \"version\"","  ],","  alias: {","    \"h\": \"help\",","    \"s\": \"sort\",","    \"v\": \"version\"","  },","  default: {","    \"help\": false,","    \"sourcemap\": false,","    \"sort\": false,","    \"version\": false","  }","});","","if (argv._.length < 1) {","  argv.help = true;","}","","switch (true) {","case argv.version:","  console.log(binname + \" v\" + pkg.version);","","  break;","","case argv.help:","  showHelp();","","  break;","","default:","  var css = \"\";","  var options = {};","","  if (argv.sort) {","    options.sort = true;","  }","","  if (argv.sourcemap) {","    options.map = true;","  }","","  options.from = argv._[0];","","  if (argv._[1]) {","    options.to = argv._[1];","  }","","  if (options.map && options.to) {","    options.map = {","      inline: false","    };","  }","","  if (options.from === \"-\") {","    delete options.from;","    argv._[0] = process.stdin.fd;","  }","","  css = fs.readFileSync(argv._[0], \"utf8\");","  pack(css, options);","}",""],"l":{"5":1,"6":1,"7":1,"8":1,"10":1,"11":1,"12":1,"13":1,"14":1,"15":1,"16":1,"17":1,"18":1,"19":1,"20":1,"21":1,"22":1,"23":1,"25":1,"27":1,"28":0,"29":0,"30":0,"32":0,"35":0,"37":0,"38":0,"41":0,"42":0,"48":0,"51":0,"54":1,"74":1,"75":1,"78":1,"80":0,"82":0,"85":1,"87":1,"90":0,"91":0,"93":0,"94":0,"97":0,"98":0,"101":0,"103":0,"104":0,"107":0,"108":0,"113":0,"114":0,"115":0,"118":0,"119":0}},"/home/travis/build/npmtest/node-npmtest-css-mqpacker/node_modules/css-mqpacker/.istanbul/lcov-report/prettify.js":{"path":"/home/travis/build/npmtest/node-npmtest-css-mqpacker/node_modules/css-mqpacker/.istanbul/lcov-report/prettify.js","s":{"1":2,"2":0,"3":0,"4":0,"5":0,"6":0,"7":0,"8":0,"9":0,"10":0,"11":0,"12":0,"13":0,"14":0,"15":0,"16":0,"17":0,"18":0,"19":0,"20":0,"21":0,"22":0,"23":0,"24":0,"25":0,"26":0,"27":0,"28":0,"29":0,"30":0,"31":1,"32":0,"33":0,"34":0,"35":0,"36":0,"37":0,"38":0,"39":0,"40":0,"41":0,"42":0,"43":0,"44":1,"45":0,"46":0,"47":0,"48":0,"49":0,"50":0,"51":0,"52":0,"53":0,"54":0,"55":0,"56":0,"57":1,"58":0,"59":0,"60":0,"61":0,"62":0,"63":0,"64":1,"65":0,"66":0,"67":0,"68":0,"69":0,"70":0,"71":0,"72":0,"73":0,"74":0,"75":0,"76":0,"77":0,"78":0,"79":0,"80":0,"81":0,"82":0,"83":0,"84":0,"85":0,"86":0,"87":0,"88":0,"89":0,"90":0,"91":0,"92":0,"93":0,"94":0,"95":0,"96":0,"97":0,"98":0,"99":0,"100":0,"101":0,"102":0,"103":0,"104":0,"105":0,"106":0,"107":1,"108":0,"109":0,"110":0,"111":0,"112":0,"113":0,"114":0,"115":0,"116":0,"117":0,"118":0,"119":0,"120":0,"121":0,"122":0,"123":0,"124":0,"125":0,"126":0,"127":0,"128":0,"129":0,"130":0,"131":0,"132":0,"133":0,"134":0,"135":0,"136":0,"137":0,"138":0,"139":0,"140":0,"141":0,"142":0,"143":0,"144":0,"145":0,"146":0,"147":0,"148":0,"149":0,"150":0,"151":0,"152":0,"153":1,"154":0,"155":0,"156":0,"157":0,"158":0,"159":0,"160":0,"161":0,"162":0,"163":0,"164":0,"165":1,"166":0,"167":0,"168":0,"169":0,"170":0,"171":0,"172":0,"173":0,"174":0,"175":0,"176":0,"177":0,"178":0,"179":0,"180":0,"181":0,"182":0,"183":0,"184":0,"185":0,"186":0,"187":0,"188":0,"189":1,"190":0,"191":0,"192":0,"193":0,"194":0,"195":0,"196":1,"
[...]
ension;try{var S=a(V.sourceNode);var T=S.sourceCode;V.sourceCode=T;V.spans=S.spans;V.basePos=0;q(U,T)(V);D(V)}catch(W){if(\"console\" in window){console.log(W&&W.stack?W.stack:W)}}}function y(W,V,U){var S=document.createElement(\"PRE\");S.innerHTML=W;if(U){Q(S,U)}var T={langExtension:V,numberLines:U,sourceNode:S};d(T);return S.innerHTML}function b(ad){function Y(af){return document.getElementsByTagName(af)}var ac=[Y(\"pre\"),Y(\"code\"),Y(\"xmp\")];var T=[];for(var aa=0;aa<ac.length;++aa){for(var Z=0,V=ac[aa].length;Z<V;++Z){T.push(ac[aa][Z])}}ac=null;var W=Date;if(!W.now){W={now:function(){return +(new Date)}}}var X=0;var S;var ab=/\\blang(?:uage)?-([\\w.]+)(?!\\S)/;var ae=/\\bprettyprint\\b/;function U(){var ag=(window.PR_SHOULD_USE_CONTINUATION?W.now()+250:Infinity);for(;X<T.length&&W.now()<ag;X++){var aj=T[X];var ai=aj.className;if(ai.indexOf(\"prettyprint\")>=0){var ah=ai.match(ab);var am;if(!ah&&(am=o(aj))&&\"CODE\"===am.tagName){ah=am.className.match(ab)}if(ah){ah=ah[1]}var al=false;for(var ak=aj.parentNode;ak;ak=ak.parentNode){if((ak.tagName===\"pre\"||ak.tagName===\"code\"||ak.tagName===\"xmp\")&&ak.className&&ak.className.indexOf(\"prettyprint\")>=0){al=true;break}}if(!al){var af=aj.className.match(/\\blinenums\\b(?::(\\d+))?/);af=af?af[1]&&af[1].length?+af[1]:true:false;if(af){Q(aj,af)}S={langExtension:ah,sourceNode:aj,numberLines:af};d(S)}}}if(X<T.length){setTimeout(U,250)}else{if(ad){ad()}}}U()}window.prettyPrintOne=y;window.prettyPrint=b;window.PR={createSimpleLexer:g,registerLangHandler:c,sourceDecorator:i,PR_ATTRIB_NAME:P,PR_ATTRIB_VALUE:n,PR_COMMENT:j,PR_DECLARATION:E,PR_KEYWORD:z,PR_LITERAL:G,PR_NOCODE:N,PR_PLAIN:F,PR_PUNCTUATION:L,PR_SOURCE:J,PR_STRING:C,PR_TAG:m,PR_TYPE:O}})();PR.registerLangHandler(PR.createSimpleLexer([],[[PR.PR_DECLARATION,/^<!\\w[^>]*(?:>|$)/],[PR.PR_COMMENT,/^<\\!--[\\s\\S]*?(?:-\\->|$)/],[PR.PR_PUNCTUATION,/^(?:<[%?]|[%?]>)/],[\"lang-\",/^<\\?([\\s\\S]+?)(?:\\?>|$)/],[\"lang-\",/^<%([\\s\\S]+?)(?:%>|$)/],[\"lang-\",/^<xmp\\b[^>]*>([\\s\\S]+?)<\\/xmp\\b[^>]*>/i],[\"lang-handlebars\",/^<script\\b[^>]*type\\s*=\\s*['\"]?text\\/x-handlebars-template['\"]?\\b[^>]*>([\\s\\S]*?)(<\\/script\\b[^>]*>)/i],[\"lang-js\",/^<script\\b[^>]*>([\\s\\S]*?)(<\\/script\\b[^>]*>)/i],[\"lang-css\",/^<style\\b[^>]*>([\\s\\S]*?)(<\\/style\\b[^>]*>)/i],[\"lang-in.tag\",/^(<\\/?[a-z][^<>]*>)/i],[PR.PR_DECLARATION,/^{{[#^>/]?\\s*[\\w.][^}]*}}/],[PR.PR_DECLARATION,/^{{&?\\s*[\\w.][^}]*}}/],[PR.PR_DECLARATION,/^{{{>?\\s*[\\w.][^}]*}}}/],[PR.PR_COMMENT,/^{{![^}]*}}/]]),[\"handlebars\",\"hbs\"]);PR.registerLangHandler(PR.createSimpleLexer([[PR.PR_PLAIN,/^[ \\t\\r\\n\\f]+/,null,\" \\t\\r\\n\\f\"]],[[PR.PR_STRING,/^\\\"(?:[^\\n\\r\\f\\\\\\\"]|\\\\(?:\\r\\n?|\\n|\\f)|\\\\[\\s\\S])*\\\"/,null],[PR.PR_STRING,/^\\'(?:[^\\n\\r\\f\\\\\\']|\\\\(?:\\r\\n?|\\n|\\f)|\\\\[\\s\\S])*\\'/,null],[\"lang-css-str\",/^url\\(([^\\)\\\"\\']*)\\)/i],[PR.PR_KEYWORD,/^(?:url|rgb|\\!important|@import|@page|@media|@charset|inherit)(?=[^\\-\\w]|$)/i,null],[\"lang-css-kw\",/^(-?(?:[_a-z]|(?:\\\\[0-9a-f]+ ?))(?:[_a-z0-9\\-]|\\\\(?:\\\\[0-9a-f]+ ?))*)\\s*:/i],[PR.PR_COMMENT,/^\\/\\*[^*]*\\*+(?:[^\\/*][^*]*\\*+)*\\//],[PR.PR_COMMENT,/^(?:<!--|-->)/],[PR.PR_LITERAL,/^(?:\\d+|\\d*\\.\\d+)(?:%|[a-z]+)?/i],[PR.PR_LITERAL,/^#(?:[0-9a-f]{3}){1,2}/i],[PR.PR_PLAIN,/^-?(?:[_a-z]|(?:\\\\[\\da-f]+ ?))(?:[_a-z\\d\\-]|\\\\(?:\\\\[\\da-f]+ ?))*/i],[PR.PR_PUNCTUATION,/^[^\\s\\w\\'\\\"]+/]]),[\"css\"]);PR.registerLangHandler(PR.createSimpleLexer([],[[PR.PR_KEYWORD,/^-?(?:[_a-z]|(?:\\\\[\\da-f]+ ?))(?:[_a-z\\d\\-]|\\\\(?:\\\\[\\da-f]+ ?))*/i]]),[\"css-kw\"]);PR.registerLangHandler(PR.createSimpleLexer([],[[PR.PR_STRING,/^[^\\)\\\"\\']+/]]),[\"css-str\"]);",""],"l":{"1":2}},"/home/travis/build/npmtest/node-npmtest-css-mqpacker/node_modules/css-mqpacker/.istanbul/lcov-report/sorter.js":{"path":"/home/travis/build/npmtest/node-npmtest-css-mqpacker/node_modules/css-mqpacker/.istanbul/lcov-report/sorter.js","s":{"1":2,"2":2,"3":1,"4":0,"5":1,"6":0,"7":1,"8":0,"9":1,"10":0,"11":1,"12":0,"13":0,"14":0,"15":0,"16":0,"17":0,"18":0,"19":0,"20":0,"21":1,"22":0,"23":0,"24":0,"25":0,"26":0,"27":0,"28":0,"29":0,"30":0,"31":1,"32":0,"33":0,"34":0,"35":1,"36":0,"37":0,"38":0,"39":0,"40":0,"41":0,"42":0,"43":0,"44":0,"45":0,"46":0,"47":0,"48":0,"49":1,"50":0,"51":0,"52":0,"53":1,"54":0,"55":1,"56":0,"57":0,"58":0,"59":0,"60":0,"61":0,"62":0,"63":0,"64":0,"65":0,"66":0,"67":0,"68":0,"69":0,"70":0,"71":0,"72":0,"73":2,"74":0,"75":0,"76":0,"77":0,"78":0,"79":0,"80":2},"b":{"1":[0,0],"2":[0,0],"3":[0,0],"4":[0,0],"5":[0,0],"6":[0,0],"7":[0,0],"8":[0,0],"9":[0,0],"10":[0,0],"11":[0,0]},"f":{"1":2,"2":0,"3":0,"4":0,"5":0,"6":0,"7":0,"8":0,"9":0,"10":0,"11":0,"12":0,"13":0,"14":0,"15":0,"16":0,"17":0},"fnMap":{"1":{"name":"(anonymous_1)","line":1,"loc":{"start":{"line":1,"column":18},"end":{"line":1,"column":30}}},"2":{"name":"getTable","line":10,"loc":{"start":{"line":10,"column":4},"end":{"line":10,"column":24}}},"3":{"name":"getTableHeader","line":12,"loc":{"start":{"line":12,"column":4},"end":{"line":12,"column":30}}},"4":{"name":"getTableBody","line":14,"loc":{"start":{"line":14,"column":4},"end":{"line":14,"column":28}}},"5":{"name":"getNthColumn","line":16,"loc":{"start":{"line":16,"column":4},"end":{"line":16,"column":29}}},"6":{"name":"loadColumns","line":19,"loc":{"start":{"line":19,"column":4},"end":{"line":19,"column":27}}},"7":{"name":"loadRowData","line":43,"loc":{"start":{"line":43,"column":4},"end":{"line":43,"column":35}}},"8":{"name":"loadData","line":62,"loc":{"start":{"line":62,"column":4},"end":{"line":62,"column":24}}},"9":{"name":"sortByIndex","line":71,"loc":{"start":{"line":71,"column":4},"end":{"line":71,"column":38}}},"10":{"name":"(anonymous_10)","line":73,"loc":{"start":{"line":73,"column":21},"end":{"line":73,"column":37}}},"11":{"name":"(anonymous_11)","line":85,"loc":{"start":{"line":85,"column":26},"end":{"line":85,"column":42}}},"12":{"name":"removeSortIndicators","line":102,"loc":{"start":{"line":102,"column":4},"end":{"line":102,"column":36}}},"13":{"name":"addSortIndicators","line":110,"loc":{"start":{"line":110,"column":4},"end":{"line":110,"column":33}}},"14":{"name":"enableUI","line":114,"loc":{"start":{"line":114,"column":4},"end":{"line":114,"column":24}}},"15":{"name":"ithSorter","line":117,"loc":{"start":{"line":117,"column":24},"end":{"line":117,"column":46}}},"16":{"name":"(anonymous_16)","line":120,"loc":{"start":{"line":120,"column":23},"end":{"line":120,"column":35}}},"17":{"name":"(anonymous_17)","line":145,"loc":{"start":{"line":145,"column":11},"end":{"line":145,"column":23}}}},"statementMap":{"1":{"start":{"line":1,"column":0},"end":{"line":154,"column":5}},"2":{"start":{"line":3,"column":4},"end":{"line":7,"column":10}},"3":{"start":{"line":10,"column":4},"end":{"line":10,"column":85}},"4":{"start":{"line":10,"column":26},"end":{"line":10,"column":83}},"5":{"start":{"line":12,"column":4},"end":{"line":12,"column":78}},"6":{"start":{"line":12,"column":32},"end":{"line":12,"column":76}},"7":{"start":{"line":14,"column":4},"end":{"line":14,"column":73}},"8":{"start":{"line":14,"column":30},"end":{"line":14,"column":71}},"9":{"start":{"line":16,"column":4},"end":{"line":16,"column":83}},"10":{"start":{"line":16,"column":31},"end":{"line":16,"column":81}},"11":{"start":{"line":19,"column":4},"end":{"line":40,"column":5}},"12":{"start":{"line":20,"column":8},"end":{"line":24,"column":14}},"13":{"start":{"line":26,"column":8},"end":{"line":38,"column":9}},"14":{"start":{"line":27,"column":12},"end":{"line":27,"column":34}},"15":{"start":{"line":28,"column":12},"end":{"line":32,"column":14}},"16":{"start":{"line":33,"column":12},"end":{"line":33,"column":27}},"17":{"start":{"line":34,"column":12},"end":{"line":37,"column":13}},"18":{"start":{"line":35,"column":16},"end":{"line":35,"column":60}},"19":{"start":{"line":36,"column":16},"end":{"line":36,"column":87}},"20":{"start":{"line":39,"column":8},"end":{"line":39,"column":20}},"21":{"start":{"line":43,"column":4},"end":{"line":60,"column":5}},"22":{"start":{"line":44,"column":8},"end":{"line":49,"column":16}},"23":{"start":{"line":50,"column":8},"end":{"line":58,"column":9}},"24":{"start":{"line":51,"column":12},"end":{"line":51,"column":35}},"25":{"start":{"line":52,"column":12},"end":{"line":52,"column":26}},"26":{"start":{"line":53,"column":12},"end":{"line":53,"column":53}},"27":{"start":{"line":54,"column":12},"end":{"line":56,"column":13}},"28":{"start":{"line":55,"column":16},"end":{"line":55,"column":34}},"29":{"start":{"line":57,"column":12},"end":{"line":57,"column":32}},"30":{"start":{"line":59,"column":8},"end":{"line":59,"column":20}},"31":{"start":{"line":62,"column":4},"end":{"line":69,"column":5}},"32":{"start":{"line":63,"column":8},"end":{"line":64,"column":14}},"33":{"start":{"line":66,"column":8},"end":{"line":68,"column":9}},"34":{"start":{"line":67,"column":12},"end":{"line":67,"column":48}},"35":{"start":{"line":71,"column":4},"end":{"line":100,"column":5}},"36":{"start":{"line":72,"column":8},"end":{"line":82,"column":14}},"37":{"start":{"line":74,"column":16},"end":{"line":74,"column":32}},"38":{"start":{"line":75,"column":16},"end":{"line":75,"column":32}},"39":{"start":{"line":76,"column":16},"end":{"line":76,"column":50}},"40":{"start":{"line":84,"column":8},"end":{"line":88,"column":9}},"41":{"start":{"line":85,"column":12},"end":{"line":87,"column":14}},"42":{"start":{"line":86,"column":16},"end":{"line":86,"column":41}},"43":{"start":{"line":90,"column":8},"end":{"line":93,"column":9}},"44":{"start":{"line":91,"column":12},"end":{"line":91,"column":35}},"45":{"start":{"line":92,"column":12},"end":{"line":92,"column":47}},"46":{"start":{"line":95,"column":8},"end":{"line":95,"column":31}},"47":{"start":{"line":97,"column":8},"end":{"line":99,"column":9}},"48":{"start":{"line":98,"column":12},"end":{"line":98,"column":43}},"49":{"start":{"line":102,"column":4},"end":{"line":108,"column":5}},"50":{"start":{"line":103,"column":8},"end":{"line":104,"column":32}},"51":{"start":{"line":106,"column":8},"end":{"line":106,"column":71}},"52":{"start":{"line":107,"column":8},"end":{"line":107,"column":28}},"53":{"start":{"line":110,"column":4},"end":{"line":112,"column":5}},"54":{"start":{"line":111,"column":8},"end":{"line":111,"column":99}},"55":{"start":{"line":114,"column":4},"end":{"line":143,"column":5}},"56":{"start":{"line":115,"column":8},"end":{"line":132,"column":14}},"57":{"start":{"line":118,"column":16},"end":{"line":118,"column":34}},"58":{"start":{"line":120,"column":16},"end":{"line":131,"column":18}},"59":{"start":{"line":121,"column":20},"end":{"line":121,"column":51}},"60":{"start":{"line":123,"column":20},"end":{"line":125,"column":21}},"61":{"start":{"line":124,"column":24},"end":{"line":124,"column":49}},"62":{"start":{"line":126,"column":20},"end":{"line":126,"column":41}},"63":{"start":{"line":127,"column":20},"end":{"line":127,"column":43}},"64":{"start":{"line":128,"column":20},"end":{"line":128,"column":42}},"65":{"start":{"line":129,"column":20},"end":{"line":129,"column":44}},"66":{"start":{"line":130,"column":20},"end":{"line":130,"column":40}},"67":{"start":{"line":133,"column":8},"end":{"line":142,"column":9}},"68":{"start":{"line":134,"column":12},"end":{"line":141,"column":13}},"69":{"start":{"line":135,"column":16},"end":{"line":135,"column":62}},"70":{"start":{"line":136,"column":16},"end":{"line":140,"column":17}},"71":{"start":{"line":137,"column":20},"end":{"line":137,"column":63}},"72":{"start":{"line":139,"column":20},"end":{"line":139,"column":60}},"73":{"start":{"line":145,"column":4},"end":{"line":153,"column":6}},"74":{"start":{"line":146,"column":8},"end":{"line":148,"column":9}},"75":{"start":{"line":147,"column":12},"end":{"line":147,"column":19}},"76":{"start":{"line":149,"column":8},"end":{"line":149,"column":29}},"77":{"start":{"line":150,"column":8},"end":{"line":150,"column":23}},"78":{"start":{"line":151,"column":8},"end":{"line":151,"column":28}},"79":{"start":{"line":152,"column":8},"end":{"line":152,"column":19}},"80":{"start":{"line":156,"column":0},"end":{"line":156,"column":44}}},"branchMap":{"1":{"line":31,"type":"binary-expr","locations":[{"start":{"line":31,"column":22},"end":{"line":31,"column":55}},{"start":{"line":31,"column":59},"end":{"line":31,"column":67}}]},"2":{"line":34,"type":"if","locations":[{"start":{"line":34,"column":12},"end":{"line":34,"column":12}},{"start":{"line":34,"column":12},"end":{"line":34,"column":12}}]},"3":{"line":54,"type":"if","locations":[{"start":{"line":54,"column":12},"end":{"line":54,"column":12}},{"start":{"line":54,"column":12},"end":{"line":54,"column":12}}]},"4":{"line":76,"type":"cond-expr","locations":[{"start":{"line":76,"column":31},"end":{"line":76,"column":33}},{"start":{"line":76,"column":36},"end":{"line":76,"column":49}}]},"5":{"line":76,"type":"cond-expr","locations":[{"start":{"line":76,"column":44},"end":{"line":76,"column":45}},{"start":{"line":76,"column":48},"end":{"line":76,"column":49}}]},"6":{"line":84,"type":"if","locations":[{"start":{"line":84,"column":8},"end":{"line":84,"column":8}},{"start":{"line":84,"column":8},"end":{"line":84,"column":8}}]},"7":{"line":111,"type":"cond-expr","locations":[{"start":{"line":111,"column":72},"end":{"line":111,"column":86}},{"start":{"line":111,"column":89},"end":{"line":111,"column":98}}]},"8":{"line":123,"type":"if","locations":[{"start":{"line":123,"column":20},"end":{"line":123,"column":20}},{"start":{"line":123,"column":20},"end":{"line":123,"column":20}}]},"9":{"line":134,"type":"if","locations":[{"start":{"line":134,"column":12},"end":{"line":134,"column":12}},{"start":{"line":134,"column":12},"end":{"line":134,"column":12}}]},"10":{"line":136,"type":"if","locations":[{"start":{"line":136,"column":16},"end":{"line":136,"column":16}},{"start":{"line":136,"column":16},"end":{"line":136,"column":16}}]},"11":{"line":146,"type":"if","locations":[{"start":{"line":146,"column":8},"end":{"line":146,"column":8}},{"start":{"line":146,"column":8},"end":{"line":146,"column":8}}]}},"code":["var addSorting = (function () {","    \"use strict\";","    var cols,","        currentSort = {","            index: 0,","            desc: false","        };","","    // returns the summary table element","    function getTable() { return document.querySelector('.coverage-summary table'); }","    // returns the thead element of the summary table","    function getTableHeader() { return getTable().querySelector('thead tr'); }","    // returns the tbody element of the summary table","    function getTableBody() { return getTable().querySelector('tbody'); }","    // returns the th element for nth column","    function getNthColumn(n) { return getTableHeader().querySelectorAll('th')[n]; }","","    // loads all columns","    function loadColumns() {","        var colNodes = getTableHeader().querySelectorAll('th'),","            colNode,","            cols = [],","            col,","            i;","","        for (i = 0; i < colNodes.length; i += 1) {","            colNode = colNodes[i];","            col = {","                key: colNode.getAttribute('data-col'),","                sortable: !colNode.getAttribute('data-nosort'),","                type: colNode.getAttribute('data-type') || 'string'","            };","            cols.push(col);","            if (col.sortable) {","                col.defaultDescSort = col.type === 'number';","                colNode.innerHTML = colNode.innerHTML + '<span class=\"sorter\"></span>';","            }","        }","        return cols;","    }","    // attaches a data attribute to every tr element with an object","    // of data values keyed by column name","    function loadRowData(tableRow) {","        var tableCols = tableRow.querySelectorAll('td'),","            colNode,","            col,","            data = {},","            i,","            val;","        for (i = 0; i < tableCols.length; i += 1) {","            colNode = tableCols[i];","            col = cols[i];","            val = colNode.getAttribute('data-value');","            if (col.type === 'number') {","                val = Number(val);","            }","            data[col.key] = val;","        }","        return data;","    }","    // loads all row data","    function loadData() {","        var rows = getTableBody().querySelectorAll('tr'),","            i;","","        for (i = 0; i < rows.length; i += 1) {","            rows[i].data = loadRowData(rows[i]);","        }","    }","    // sorts the table using the data for the ith column","    function sortByIndex(index, desc) {","        var key = cols[index].key,","            sorter = function (a, b) {","                a = a.data[key];","                b = b.data[key];","                return a < b ? -1 : a > b ? 1 : 0;","            },","            finalSorter = sorter,","            tableBody = document.querySelector('.coverage-summary tbody'),","            rowNodes = tableBody.querySelectorAll('tr'),","            rows = [],","            i;","","        if (desc) {","            finalSorter = function (a, b) {","                return -1 * sorter(a, b);","            };","        }","","        for (i = 0; i < rowNodes.length; i += 1) {","            rows.push(rowNodes[i]);","            tableBody.removeChild(rowNodes[i]);","        }","","        rows.sort(finalSorter);","","        for (i = 0; i < rows.length; i += 1) {","            tableBody.appendChild(rows[i]);","        }","    }","    // removes sort indicators for current column being sorted","    function removeSortIndicators() {","        var col = getNthColumn(currentSort.index),","            cls = col.className;","","        cls = cls.replace(/ sorted$/, '').replace(/ sorted-desc$/, '');","        col.className = cls;","    }","    // adds sort indicators for current column being sorted","    function addSortIndicators() {","        getNthColumn(currentSort.index).className += currentSort.desc ? ' sorted-desc' : ' sorted';","    }","    // adds event listeners for all sorter widgets","    function enableUI() {","        var i,","            el,","            ithSorter = function ithSorter(i) {","                var col = cols[i];","","                return function () {","                    var desc = col.defaultDescSort;","","                    if (currentSort.index === i) {","                        desc = !currentSort.desc;","                    }","                    sortByIndex(i, desc);","                    removeSortIndicators();","                    currentSort.index = i;","                    currentSort.desc = desc;","                    addSortIndicators();","                };","            };","        for (i =0 ; i < cols.length; i += 1) {","            if (cols[i].sortable) {","                el = getNthColumn(i).querySelector('.sorter');","                if (el.addEventListener) {","                    el.addEventListener('click', ithSorter(i));","                } else {","                    el.attachEvent('onclick', ithSorter(i));","                }","            }","        }","    }","    // adds sorting functionality to the UI","    return function () {","        if (!getTable()) {","            return;","        }","        cols = loadColumns();","        loadData(cols);","        addSortIndicators();","        enableUI();","    };","})();","","window.addEventListener('load', addSorting);",""],"l":{"1":2,"3":2,"10":1,"12":1,"14":1,"16":1,"19":1,"20":0,"26":0,"27":0,"28":0,"33":0,"34":0,"35":0,"36":0,"39":0,"43":1,"44":0,"50":0,"51":0,"52":0,"53":0,"54":0,"55":0,"57":0,"59":0,"62":1,"63":0,"66":0,"67":0,"71":1,"72":0,"74":0,"75":0,"76":0,"84":0,"85":0,"86":0,"90":0,"91":0,"92":0,"95":0,"97":0,"98":0,"102":1,"103":0,"106":0,"107":0,"110":1,"111":0,"114":1,"115":0,"118":0,"120":0,"121":0,"123":0,"124":0,"126":0,"127":0,"128":0,"129":0,"130":0,"133":0,"134":0,"135":0,"136":0,"137":0,"139":0,"145":2,"146":0,"147":0,"149":0,"150":0,"151":0,"152":0,"156":2}}}